# JRE version: OpenJDK Runtime Environment Temurin-17.0.12+7 (17.0.12+7) (build 17.0.12+7)
# Java VM: OpenJDK 64-Bit Server VM Temurin-17.0.12+7 (17.0.12+7, mixed mode, tiered, compressed oops, compressed class ptrs, parallel gc, windows-amd64)
GC Precious Log:
 CPUs: 16 total, 16 available
 Memory: 15791M
 Large Page Support: Disabled
 NUMA Support: Disabled
 Compressed Oops: Enabled (32-bit)
 Alignments: Space 512K, Generation 512K, Heap 2M
 Heap Min Capacity: 100M
 Heap Initial Capacity: 100M
 Heap Max Capacity: 1G
 Pre-touch: Disabled
 Parallel Workers: 13
Heap:
 PSYoungGen      total 6144K, used 5493K [0x00000000eab00000, 0x00000000eb380000, 0x0000000100000000)
  eden space 4608K, 86% used [0x00000000eab00000,0x00000000eaee55d0,0x00000000eaf80000)
  from space 1536K, 97% used [0x00000000eb180000,0x00000000eb2f8040,0x00000000eb300000)
  to   space 2048K, 0% used [0x00000000eaf80000,0x00000000eaf80000,0x00000000eb180000)
 ParOldGen       total 397312K, used 384148K [0x00000000c0000000, 0x00000000d8400000, 0x00000000eab00000)
  object space 397312K, 96% used [0x00000000c0000000,0x00000000d77252b0,0x00000000d8400000)
 Metaspace       used 97518K, committed 99008K, reserved 1179648K
  class space    used 10074K, committed 10752K, reserved 1048576K
GC Heap History (20 events):
Event: 3400.705 GC heap before
{Heap before GC invocations=266 (full 9):
 PSYoungGen      total 5120K, used 5088K [0x00000000eab00000, 0x00000000eb380000, 0x0000000100000000)
  eden space 4608K, 100% used [0x00000000eab00000,0x00000000eaf80000,0x00000000eaf80000)
  from space 512K, 93% used [0x00000000eb300000,0x00000000eb378040,0x00000000eb380000)
  to   space 1536K, 0% used [0x00000000eb080000,0x00000000eb080000,0x00000000eb200000)
 ParOldGen       total 397312K, used 379551K [0x00000000c0000000, 0x00000000d8400000, 0x00000000eab00000)
  object space 397312K, 95% used [0x00000000c0000000,0x00000000d72a7ff0,0x00000000d8400000)
 Metaspace       used 97479K, committed 99008K, reserved 1179648K
  class space    used 10074K, committed 10752K, reserved 1048576K
}
Event: 3400.707 GC heap after
{Heap after GC invocations=266 (full 9):
 PSYoungGen      total 6144K, used 1504K [0x00000000eab00000, 0x00000000eb380000, 0x0000000100000000)
  eden space 4608K, 0% used [0x00000000eab00000,0x00000000eab00000,0x00000000eaf80000)
  from space 1536K, 97% used [0x00000000eb080000,0x00000000eb1f8020,0x00000000eb200000)
  to   space 1536K, 0% used [0x00000000eb200000,0x00000000eb200000,0x00000000eb380000)
 ParOldGen       total 397312K, used 379840K [0x00000000c0000000, 0x00000000d8400000, 0x00000000eab00000)
  object space 397312K, 95% used [0x00000000c0000000,0x00000000d72f0030,0x00000000d8400000)
 Metaspace       used 97479K, committed 99008K, reserved 1179648K
  class space    used 10074K, committed 10752K, reserved 1048576K
}
Event: 3400.720 GC heap before
{Heap before GC invocations=267 (full 9):
 PSYoungGen      total 6144K, used 6112K [0x00000000eab00000, 0x00000000eb380000, 0x0000000100000000)
  eden space 4608K, 99% used [0x00000000eab00000,0x00000000eaf7fff8,0x00000000eaf80000)
  from space 1536K, 97% used [0x00000000eb080000,0x00000000eb1f8020,0x00000000eb200000)
  to   space 1536K, 0% used [0x00000000eb200000,0x00000000eb200000,0x00000000eb380000)
 ParOldGen       total 397312K, used 379840K [0x00000000c0000000, 0x00000000d8400000, 0x00000000eab00000)
  object space 397312K, 95% used [0x00000000c0000000,0x00000000d72f0030,0x00000000d8400000)
 Metaspace       used 97484K, committed 99008K, reserved 1179648K
  class space    used 10074K, committed 10752K, reserved 1048576K
}
Event: 3400.722 GC heap after
{Heap after GC invocations=267 (full 9):
 PSYoungGen      total 6144K, used 1520K [0x00000000eab00000, 0x00000000eb380000, 0x0000000100000000)
  eden space 4608K, 0% used [0x00000000eab00000,0x00000000eab00000,0x00000000eaf80000)
  from space 1536K, 98% used [0x00000000eb200000,0x00000000eb37c010,0x00000000eb380000)
  to   space 2048K, 0% used [0x00000000eaf80000,0x00000000eaf80000,0x00000000eb180000)
 ParOldGen       total 397312K, used 380266K [0x00000000c0000000, 0x00000000d8400000, 0x00000000eab00000)
  object space 397312K, 95% used [0x00000000c0000000,0x00000000d735a950,0x00000000d8400000)
 Metaspace       used 97484K, committed 99008K, reserved 1179648K
  class space    used 10074K, committed 10752K, reserved 1048576K
}
Event: 3400.744 GC heap before
{Heap before GC invocations=268 (full 9):
 PSYoungGen      total 6144K, used 6128K [0x00000000eab00000, 0x00000000eb380000, 0x0000000100000000)
  eden space 4608K, 100% used [0x00000000eab00000,0x00000000eaf80000,0x00000000eaf80000)
  from space 1536K, 98% used [0x00000000eb200000,0x00000000eb37c010,0x00000000eb380000)
  to   space 2048K, 0% used [0x00000000eaf80000,0x00000000eaf80000,0x00000000eb180000)
 ParOldGen       total 397312K, used 380266K [0x00000000c0000000, 0x00000000d8400000, 0x00000000eab00000)
  object space 397312K, 95% used [0x00000000c0000000,0x00000000d735a950,0x00000000d8400000)
 Metaspace       used 97485K, committed 99008K, reserved 1179648K
  class space    used 10074K, committed 10752K, reserved 1048576K
}
Event: 3400.746 GC heap after
{Heap after GC invocations=268 (full 9):
 PSYoungGen      total 6656K, used 448K [0x00000000eab00000, 0x00000000eb280000, 0x0000000100000000)
  eden space 4608K, 0% used [0x00000000eab00000,0x00000000eab00000,0x00000000eaf80000)
  from space 2048K, 21% used [0x00000000eaf80000,0x00000000eaff0000,0x00000000eb180000)
  to   space 1024K, 0% used [0x00000000eb180000,0x00000000eb180000,0x00000000eb280000)
 ParOldGen       total 397312K, used 381090K [0x00000000c0000000, 0x00000000d8400000, 0x00000000eab00000)
  object space 397312K, 95% used [0x00000000c0000000,0x00000000d7428970,0x00000000d8400000)
 Metaspace       used 97485K, committed 99008K, reserved 1179648K
  class space    used 10074K, committed 10752K, reserved 1048576K
}
Event: 3401.526 GC heap before
{Heap before GC invocations=269 (full 9):
 PSYoungGen      total 6656K, used 5056K [0x00000000eab00000, 0x00000000eb280000, 0x0000000100000000)
  eden space 4608K, 100% used [0x00000000eab00000,0x00000000eaf80000,0x00000000eaf80000)
  from space 2048K, 21% used [0x00000000eaf80000,0x00000000eaff0000,0x00000000eb180000)
  to   space 1024K, 0% used [0x00000000eb180000,0x00000000eb180000,0x00000000eb280000)
 ParOldGen       total 397312K, used 381090K [0x00000000c0000000, 0x00000000d8400000, 0x00000000eab00000)
  object space 397312K, 95% used [0x00000000c0000000,0x00000000d7428970,0x00000000d8400000)
 Metaspace       used 97486K, committed 99008K, reserved 1179648K
  class space    used 10074K, committed 10752K, reserved 1048576K
}
Event: 3401.527 GC heap after
{Heap after GC invocations=269 (full 9):
 PSYoungGen      total 5632K, used 960K [0x00000000eab00000, 0x00000000eb280000, 0x0000000100000000)
  eden space 4608K, 0% used [0x00000000eab00000,0x00000000eab00000,0x00000000eaf80000)
  from space 1024K, 93% used [0x00000000eb180000,0x00000000eb270020,0x00000000eb280000)
  to   space 1536K, 0% used [0x00000000eaf80000,0x00000000eaf80000,0x00000000eb100000)
 ParOldGen       total 397312K, used 381090K [0x00000000c0000000, 0x00000000d8400000, 0x00000000eab00000)
  object space 397312K, 95% used [0x00000000c0000000,0x00000000d7428970,0x00000000d8400000)
 Metaspace       used 97486K, committed 99008K, reserved 1179648K
  class space    used 10074K, committed 10752K, reserved 1048576K
}
Event: 3401.539 GC heap before
{Heap before GC invocations=270 (full 9):
 PSYoungGen      total 5632K, used 5568K [0x00000000eab00000, 0x00000000eb280000, 0x0000000100000000)
  eden space 4608K, 100% used [0x00000000eab00000,0x00000000eaf80000,0x00000000eaf80000)
  from space 1024K, 93% used [0x00000000eb180000,0x00000000eb270020,0x00000000eb280000)
  to   space 1536K, 0% used [0x00000000eaf80000,0x00000000eaf80000,0x00000000eb100000)
 ParOldGen       total 397312K, used 381090K [0x00000000c0000000, 0x00000000d8400000, 0x00000000eab00000)
  object space 397312K, 95% used [0x00000000c0000000,0x00000000d7428970,0x00000000d8400000)
 Metaspace       used 97486K, committed 99008K, reserved 1179648K
  class space    used 10074K, committed 10752K, reserved 1048576K
}
Event: 3401.542 GC heap after
{Heap after GC invocations=270 (full 9):
 PSYoungGen      total 6144K, used 1514K [0x00000000eab00000, 0x00000000eb780000, 0x0000000100000000)
  eden space 4608K, 0% used [0x00000000eab00000,0x00000000eab00000,0x00000000eaf80000)
  from space 1536K, 98% used [0x00000000eaf80000,0x00000000eb0fa9a0,0x00000000eb100000)
  to   space 4096K, 0% used [0x00000000eb380000,0x00000000eb380000,0x00000000eb780000)
 ParOldGen       total 397312K, used 383114K [0x00000000c0000000, 0x00000000d8400000, 0x00000000eab00000)
  object space 397312K, 96% used [0x00000000c0000000,0x00000000d7622970,0x00000000d8400000)
 Metaspace       used 97486K, committed 99008K, reserved 1179648K
  class space    used 10074K, committed 10752K, reserved 1048576K
}
Event: 3401.560 GC heap before
{Heap before GC invocations=271 (full 9):
 PSYoungGen      total 6144K, used 6122K [0x00000000eab00000, 0x00000000eb780000, 0x0000000100000000)
  eden space 4608K, 100% used [0x00000000eab00000,0x00000000eaf80000,0x00000000eaf80000)
  from space 1536K, 98% used [0x00000000eaf80000,0x00000000eb0fa9a0,0x00000000eb100000)
  to   space 4096K, 0% used [0x00000000eb380000,0x00000000eb380000,0x00000000eb780000)
 ParOldGen       total 397312K, used 383114K [0x00000000c0000000, 0x00000000d8400000, 0x00000000eab00000)
  object space 397312K, 96% used [0x00000000c0000000,0x00000000d7622970,0x00000000d8400000)
 Metaspace       used 97488K, committed 99008K, reserved 1179648K
  class space    used 10074K, committed 10752K, reserved 1048576K
}
Event: 3401.561 GC heap after
{Heap after GC invocations=271 (full 9):
 PSYoungGen      total 5632K, used 960K [0x00000000eab00000, 0x00000000eb480000, 0x0000000100000000)
  eden space 4608K, 0% used [0x00000000eab00000,0x00000000eab00000,0x00000000eaf80000)
  from space 1024K, 93% used [0x00000000eb380000,0x00000000eb470020,0x00000000eb480000)
  to   space 2048K, 0% used [0x00000000eb080000,0x00000000eb080000,0x00000000eb280000)
 ParOldGen       total 397312K, used 383322K [0x00000000c0000000, 0x00000000d8400000, 0x00000000eab00000)
  object space 397312K, 96% used [0x00000000c0000000,0x00000000d7656970,0x00000000d8400000)
 Metaspace       used 97488K, committed 99008K, reserved 1179648K
  class space    used 10074K, committed 10752K, reserved 1048576K
}
Event: 3401.573 GC heap before
{Heap before GC invocations=272 (full 9):
 PSYoungGen      total 5632K, used 5568K [0x00000000eab00000, 0x00000000eb480000, 0x0000000100000000)
  eden space 4608K, 100% used [0x00000000eab00000,0x00000000eaf80000,0x00000000eaf80000)
  from space 1024K, 93% used [0x00000000eb380000,0x00000000eb470020,0x00000000eb480000)
  to   space 2048K, 0% used [0x00000000eb080000,0x00000000eb080000,0x00000000eb280000)
 ParOldGen       total 397312K, used 383322K [0x00000000c0000000, 0x00000000d8400000, 0x00000000eab00000)
  object space 397312K, 96% used [0x00000000c0000000,0x00000000d7656970,0x00000000d8400000)
 Metaspace       used 97498K, committed 99008K, reserved 1179648K
  class space    used 10074K, committed 10752K, reserved 1048576K
}
Event: 3401.574 GC heap after
{Heap after GC invocations=272 (full 9):
 PSYoungGen      total 6656K, used 960K [0x00000000eab00000, 0x00000000eb400000, 0x0000000100000000)
  eden space 4608K, 0% used [0x00000000eab00000,0x00000000eab00000,0x00000000eaf80000)
  from space 2048K, 46% used [0x00000000eb080000,0x00000000eb170020,0x00000000eb280000)
  to   space 1536K, 0% used [0x00000000eb280000,0x00000000eb280000,0x00000000eb400000)
 ParOldGen       total 397312K, used 383322K [0x00000000c0000000, 0x00000000d8400000, 0x00000000eab00000)
  object space 397312K, 96% used [0x00000000c0000000,0x00000000d7656970,0x00000000d8400000)
 Metaspace       used 97498K, committed 99008K, reserved 1179648K
  class space    used 10074K, committed 10752K, reserved 1048576K
}
Event: 3401.876 GC heap before
{Heap before GC invocations=273 (full 9):
 PSYoungGen      total 6656K, used 5568K [0x00000000eab00000, 0x00000000eb400000, 0x0000000100000000)
  eden space 4608K, 100% used [0x00000000eab00000,0x00000000eaf80000,0x00000000eaf80000)
  from space 2048K, 46% used [0x00000000eb080000,0x00000000eb170020,0x00000000eb280000)
  to   space 1536K, 0% used [0x00000000eb280000,0x00000000eb280000,0x00000000eb400000)
 ParOldGen       total 397312K, used 383322K [0x00000000c0000000, 0x00000000d8400000, 0x00000000eab00000)
  object space 397312K, 96% used [0x00000000c0000000,0x00000000d7656970,0x00000000d8400000)
 Metaspace       used 97498K, committed 99008K, reserved 1179648K
  class space    used 10074K, committed 10752K, reserved 1048576K
}
Event: 3401.877 GC heap after
{Heap after GC invocations=273 (full 9):
 PSYoungGen      total 6144K, used 1520K [0x00000000eab00000, 0x00000000eb400000, 0x0000000100000000)
  eden space 4608K, 0% used [0x00000000eab00000,0x00000000eab00000,0x00000000eaf80000)
  from space 1536K, 98% used [0x00000000eb280000,0x00000000eb3fc050,0x00000000eb400000)
  to   space 2048K, 0% used [0x00000000eb000000,0x00000000eb000000,0x00000000eb200000)
 ParOldGen       total 397312K, used 383354K [0x00000000c0000000, 0x00000000d8400000, 0x00000000eab00000)
  object space 397312K, 96% used [0x00000000c0000000,0x00000000d765e970,0x00000000d8400000)
 Metaspace       used 97498K, committed 99008K, reserved 1179648K
  class space    used 10074K, committed 10752K, reserved 1048576K
}
Event: 3402.208 GC heap before
{Heap before GC invocations=274 (full 9):
 PSYoungGen      total 6144K, used 6128K [0x00000000eab00000, 0x00000000eb400000, 0x0000000100000000)
  eden space 4608K, 100% used [0x00000000eab00000,0x00000000eaf80000,0x00000000eaf80000)
  from space 1536K, 98% used [0x00000000eb280000,0x00000000eb3fc050,0x00000000eb400000)
  to   space 2048K, 0% used [0x00000000eb000000,0x00000000eb000000,0x00000000eb200000)
 ParOldGen       total 397312K, used 383354K [0x00000000c0000000, 0x00000000d8400000, 0x00000000eab00000)
  object space 397312K, 96% used [0x00000000c0000000,0x00000000d765e970,0x00000000d8400000)
 Metaspace       used 97505K, committed 99008K, reserved 1179648K
  class space    used 10074K, committed 10752K, reserved 1048576K
}
Event: 3402.209 GC heap after
{Heap after GC invocations=274 (full 9):
 PSYoungGen      total 6144K, used 1040K [0x00000000eab00000, 0x00000000eb300000, 0x0000000100000000)
  eden space 4608K, 0% used [0x00000000eab00000,0x00000000eab00000,0x00000000eaf80000)
  from space 1536K, 67% used [0x00000000eb000000,0x00000000eb104050,0x00000000eb180000)
  to   space 1536K, 0% used [0x00000000eb180000,0x00000000eb180000,0x00000000eb300000)
 ParOldGen       total 397312K, used 384100K [0x00000000c0000000, 0x00000000d8400000, 0x00000000eab00000)
  object space 397312K, 96% used [0x00000000c0000000,0x00000000d77192b0,0x00000000d8400000)
 Metaspace       used 97505K, committed 99008K, reserved 1179648K
  class space    used 10074K, committed 10752K, reserved 1048576K
}
Event: 3402.607 GC heap before
{Heap before GC invocations=275 (full 9):
 PSYoungGen      total 6144K, used 5648K [0x00000000eab00000, 0x00000000eb300000, 0x0000000100000000)
  eden space 4608K, 99% used [0x00000000eab00000,0x00000000eaf7fff8,0x00000000eaf80000)
  from space 1536K, 67% used [0x00000000eb000000,0x00000000eb104050,0x00000000eb180000)
  to   space 1536K, 0% used [0x00000000eb180000,0x00000000eb180000,0x00000000eb300000)
 ParOldGen       total 397312K, used 384100K [0x00000000c0000000, 0x00000000d8400000, 0x00000000eab00000)
  object space 397312K, 96% used [0x00000000c0000000,0x00000000d77192b0,0x00000000d8400000)
 Metaspace       used 97505K, committed 99008K, reserved 1179648K
  class space    used 10074K, committed 10752K, reserved 1048576K
}
Event: 3402.608 GC heap after
{Heap after GC invocations=275 (full 9):
 PSYoungGen      total 6144K, used 1504K [0x00000000eab00000, 0x00000000eb380000, 0x0000000100000000)
  eden space 4608K, 0% used [0x00000000eab00000,0x00000000eab00000,0x00000000eaf80000)
  from space 1536K, 97% used [0x00000000eb180000,0x00000000eb2f8040,0x00000000eb300000)
  to   space 2048K, 0% used [0x00000000eaf80000,0x00000000eaf80000,0x00000000eb180000)
 ParOldGen       total 397312K, used 384148K [0x00000000c0000000, 0x00000000d8400000, 0x00000000eab00000)
  object space 397312K, 96% used [0x00000000c0000000,0x00000000d77252b0,0x00000000d8400000)
 Metaspace       used 97505K, committed 99008K, reserved 1179648K
  class space    used 10074K, committed 10752K, reserved 1048576K
}

