# JRE version: Java(TM) SE Runtime Environment (21.0.1+12) (build 21.0.1+12-LTS-29)
# Java VM: Java HotSpot(TM) 64-Bit Server VM (21.0.1+12-LTS-29, mixed mode, sharing, tiered, compressed oops, compressed class ptrs, g1 gc, windows-amd64)
GC Precious Log:
 CardTable entry size: 512
 Card Set container configuration: InlinePtr #cards 4 size 8 Array Of Cards #cards 16 size 48 Howl #buckets 8 coarsen threshold 3686 Howl Bitmap #cards 512 size 80 coarsen threshold 460 Card regions per heap region 1 cards per card region 4096
 CPUs: 16 total, 16 available
 Memory: 15791M
 Large Page Support: Disabled
 NUMA Support: Disabled
 Compressed Oops: Enabled (Zero based)
 Heap Region Size: 2M
 Heap Min Capacity: 8M
 Heap Initial Capacity: 248M
 Heap Max Capacity: 3948M
 Pre-touch: Disabled
 Parallel Workers: 13
 Concurrent Workers: 3
 Concurrent Refinement Workers: 13
 Periodic GC: Disabled
Heap:
 garbage-first heap   total 81920K, used 55895K [0x0000000709400000, 0x0000000800000000)
  region size 2048K, 21 young (43008K), 3 survivors (6144K)
 Metaspace       used 22582K, committed 22784K, reserved 1114112K
  class space    used 2003K, committed 2112K, reserved 1048576K
GC Heap History (20 events):
Event: 27.583 GC heap before
{Heap before GC invocations=9 (full 0):
 garbage-first heap   total 81920K, used 61350K [0x0000000709400000, 0x0000000800000000)
  region size 2048K, 24 young (49152K), 3 survivors (6144K)
 Metaspace       used 22187K, committed 22464K, reserved 1114112K
  class space    used 2001K, committed 2112K, reserved 1048576K
}
Event: 27.586 GC heap after
{Heap after GC invocations=10 (full 0):
 garbage-first heap   total 81920K, used 20546K [0x0000000709400000, 0x0000000800000000)
  region size 2048K, 3 young (6144K), 3 survivors (6144K)
 Metaspace       used 22187K, committed 22464K, reserved 1114112K
  class space    used 2001K, committed 2112K, reserved 1048576K
}
Event: 29.763 GC heap before
{Heap before GC invocations=10 (full 0):
 garbage-first heap   total 81920K, used 63554K [0x0000000709400000, 0x0000000800000000)
  region size 2048K, 24 young (49152K), 3 survivors (6144K)
 Metaspace       used 22226K, committed 22464K, reserved 1114112K
  class space    used 2001K, committed 2112K, reserved 1048576K
}
Event: 29.766 GC heap after
{Heap after GC invocations=11 (full 0):
 garbage-first heap   total 81920K, used 20666K [0x0000000709400000, 0x0000000800000000)
  region size 2048K, 3 young (6144K), 3 survivors (6144K)
 Metaspace       used 22226K, committed 22464K, reserved 1114112K
  class space    used 2001K, committed 2112K, reserved 1048576K
}
Event: 31.971 GC heap before
{Heap before GC invocations=11 (full 0):
 garbage-first heap   total 81920K, used 63674K [0x0000000709400000, 0x0000000800000000)
  region size 2048K, 24 young (49152K), 3 survivors (6144K)
 Metaspace       used 22323K, committed 22592K, reserved 1114112K
  class space    used 2001K, committed 2112K, reserved 1048576K
}
Event: 31.973 GC heap after
{Heap after GC invocations=12 (full 0):
 garbage-first heap   total 81920K, used 19970K [0x0000000709400000, 0x0000000800000000)
  region size 2048K, 3 young (6144K), 3 survivors (6144K)
 Metaspace       used 22323K, committed 22592K, reserved 1114112K
  class space    used 2001K, committed 2112K, reserved 1048576K
}
Event: 34.125 GC heap before
{Heap before GC invocations=12 (full 0):
 garbage-first heap   total 81920K, used 62978K [0x0000000709400000, 0x0000000800000000)
  region size 2048K, 24 young (49152K), 3 survivors (6144K)
 Metaspace       used 22434K, committed 22656K, reserved 1114112K
  class space    used 2001K, committed 2112K, reserved 1048576K
}
Event: 34.127 GC heap after
{Heap after GC invocations=13 (full 0):
 garbage-first heap   total 81920K, used 18835K [0x0000000709400000, 0x0000000800000000)
  region size 2048K, 3 young (6144K), 3 survivors (6144K)
 Metaspace       used 22434K, committed 22656K, reserved 1114112K
  class space    used 2001K, committed 2112K, reserved 1048576K
}
Event: 36.336 GC heap before
{Heap before GC invocations=13 (full 0):
 garbage-first heap   total 81920K, used 61843K [0x0000000709400000, 0x0000000800000000)
  region size 2048K, 24 young (49152K), 3 survivors (6144K)
 Metaspace       used 22444K, committed 22656K, reserved 1114112K
  class space    used 2001K, committed 2112K, reserved 1048576K
}
Event: 36.339 GC heap after
{Heap after GC invocations=14 (full 0):
 garbage-first heap   total 81920K, used 20892K [0x0000000709400000, 0x0000000800000000)
  region size 2048K, 3 young (6144K), 3 survivors (6144K)
 Metaspace       used 22444K, committed 22656K, reserved 1114112K
  class space    used 2001K, committed 2112K, reserved 1048576K
}
Event: 38.504 GC heap before
{Heap before GC invocations=14 (full 0):
 garbage-first heap   total 81920K, used 63900K [0x0000000709400000, 0x0000000800000000)
  region size 2048K, 24 young (49152K), 3 survivors (6144K)
 Metaspace       used 22446K, committed 22720K, reserved 1114112K
  class space    used 2001K, committed 2112K, reserved 1048576K
}
Event: 38.506 GC heap after
{Heap after GC invocations=15 (full 0):
 garbage-first heap   total 81920K, used 20229K [0x0000000709400000, 0x0000000800000000)
  region size 2048K, 3 young (6144K), 3 survivors (6144K)
 Metaspace       used 22446K, committed 22720K, reserved 1114112K
  class space    used 2001K, committed 2112K, reserved 1048576K
}
Event: 40.713 GC heap before
{Heap before GC invocations=15 (full 0):
 garbage-first heap   total 81920K, used 63237K [0x0000000709400000, 0x0000000800000000)
  region size 2048K, 24 young (49152K), 3 survivors (6144K)
 Metaspace       used 22470K, committed 22720K, reserved 1114112K
  class space    used 2001K, committed 2112K, reserved 1048576K
}
Event: 40.716 GC heap after
{Heap after GC invocations=16 (full 0):
 garbage-first heap   total 81920K, used 21079K [0x0000000709400000, 0x0000000800000000)
  region size 2048K, 3 young (6144K), 3 survivors (6144K)
 Metaspace       used 22470K, committed 22720K, reserved 1114112K
  class space    used 2001K, committed 2112K, reserved 1048576K
}
Event: 42.850 GC heap before
{Heap before GC invocations=16 (full 0):
 garbage-first heap   total 81920K, used 64087K [0x0000000709400000, 0x0000000800000000)
  region size 2048K, 24 young (49152K), 3 survivors (6144K)
 Metaspace       used 22545K, committed 22784K, reserved 1114112K
  class space    used 2001K, committed 2112K, reserved 1048576K
}
Event: 42.852 GC heap after
{Heap after GC invocations=17 (full 0):
 garbage-first heap   total 81920K, used 20340K [0x0000000709400000, 0x0000000800000000)
  region size 2048K, 3 young (6144K), 3 survivors (6144K)
 Metaspace       used 22545K, committed 22784K, reserved 1114112K
  class space    used 2001K, committed 2112K, reserved 1048576K
}
Event: 45.286 GC heap before
{Heap before GC invocations=17 (full 0):
 garbage-first heap   total 81920K, used 63348K [0x0000000709400000, 0x0000000800000000)
  region size 2048K, 24 young (49152K), 3 survivors (6144K)
 Metaspace       used 22551K, committed 22784K, reserved 1114112K
  class space    used 2001K, committed 2112K, reserved 1048576K
}
Event: 45.291 GC heap after
{Heap after GC invocations=18 (full 0):
 garbage-first heap   total 81920K, used 20922K [0x0000000709400000, 0x0000000800000000)
  region size 2048K, 3 young (6144K), 3 survivors (6144K)
 Metaspace       used 22551K, committed 22784K, reserved 1114112K
  class space    used 2001K, committed 2112K, reserved 1048576K
}
Event: 47.445 GC heap before
{Heap before GC invocations=18 (full 0):
 garbage-first heap   total 81920K, used 63930K [0x0000000709400000, 0x0000000800000000)
  region size 2048K, 24 young (49152K), 3 survivors (6144K)
 Metaspace       used 22572K, committed 22784K, reserved 1114112K
  class space    used 2003K, committed 2112K, reserved 1048576K
}
Event: 47.448 GC heap after
{Heap after GC invocations=19 (full 0):
 garbage-first heap   total 81920K, used 21079K [0x0000000709400000, 0x0000000800000000)
  region size 2048K, 3 young (6144K), 3 survivors (6144K)
 Metaspace       used 22572K, committed 22784K, reserved 1114112K
  class space    used 2003K, committed 2112K, reserved 1048576K
}

