# JRE version: Java(TM) SE Runtime Environment (21.0.1+12) (build 21.0.1+12-LTS-29)
# Java VM: Java HotSpot(TM) 64-Bit Server VM (21.0.1+12-LTS-29, mixed mode, sharing, tiered, compressed oops, compressed class ptrs, g1 gc, windows-amd64)
GC Precious Log:
 CardTable entry size: 512
 Card Set container configuration: InlinePtr #cards 4 size 8 Array Of Cards #cards 16 size 48 Howl #buckets 8 coarsen threshold 3686 Howl Bitmap #cards 512 size 80 coarsen threshold 460 Card regions per heap region 1 cards per card region 4096
 CPUs: 16 total, 16 available
 Memory: 15791M
 Large Page Support: Disabled
 NUMA Support: Disabled
 Compressed Oops: Enabled (Zero based)
 Heap Region Size: 2M
 Heap Min Capacity: 8M
 Heap Initial Capacity: 248M
 Heap Max Capacity: 3948M
 Pre-touch: Disabled
 Parallel Workers: 13
 Concurrent Workers: 3
 Concurrent Refinement Workers: 13
 Periodic GC: Disabled
Heap:
 garbage-first heap   total 112640K, used 43114K [0x0000000709400000, 0x0000000800000000)
  region size 2048K, 8 young (16384K), 4 survivors (8192K)
 Metaspace       used 29853K, committed 30080K, reserved 1114112K
  class space    used 2806K, committed 2944K, reserved 1048576K
GC Heap History (16 events):
Event: 0.932 GC heap before
{Heap before GC invocations=0 (full 0):
 garbage-first heap   total 253952K, used 20480K [0x0000000709400000, 0x0000000800000000)
  region size 2048K, 11 young (22528K), 0 survivors (0K)
 Metaspace       used 5881K, committed 6144K, reserved 1114112K
  class space    used 608K, committed 704K, reserved 1048576K
}
Event: 0.938 GC heap after
{Heap after GC invocations=1 (full 0):
 garbage-first heap   total 253952K, used 8857K [0x0000000709400000, 0x0000000800000000)
  region size 2048K, 2 young (4096K), 2 survivors (4096K)
 Metaspace       used 5881K, committed 6144K, reserved 1114112K
  class space    used 608K, committed 704K, reserved 1048576K
}
Event: 7.209 GC heap before
{Heap before GC invocations=1 (full 0):
 garbage-first heap   total 253952K, used 29337K [0x0000000709400000, 0x0000000800000000)
  region size 2048K, 12 young (24576K), 2 survivors (4096K)
 Metaspace       used 14697K, committed 14912K, reserved 1114112K
  class space    used 1568K, committed 1664K, reserved 1048576K
}
Event: 7.213 GC heap after
{Heap after GC invocations=2 (full 0):
 garbage-first heap   total 253952K, used 15037K [0x0000000709400000, 0x0000000800000000)
  region size 2048K, 2 young (4096K), 2 survivors (4096K)
 Metaspace       used 14697K, committed 14912K, reserved 1114112K
  class space    used 1568K, committed 1664K, reserved 1048576K
}
Event: 8.862 GC heap before
{Heap before GC invocations=2 (full 0):
 garbage-first heap   total 253952K, used 43709K [0x0000000709400000, 0x0000000800000000)
  region size 2048K, 11 young (22528K), 2 survivors (4096K)
 Metaspace       used 21269K, committed 21504K, reserved 1114112K
  class space    used 2357K, committed 2432K, reserved 1048576K
}
Event: 8.865 GC heap after
{Heap after GC invocations=3 (full 0):
 garbage-first heap   total 253952K, used 29295K [0x0000000709400000, 0x0000000800000000)
  region size 2048K, 1 young (2048K), 1 survivors (2048K)
 Metaspace       used 21269K, committed 21504K, reserved 1114112K
  class space    used 2357K, committed 2432K, reserved 1048576K
}
Event: 9.402 GC heap before
{Heap before GC invocations=4 (full 0):
 garbage-first heap   total 110592K, used 107119K [0x0000000709400000, 0x0000000800000000)
  region size 2048K, 37 young (75776K), 1 survivors (2048K)
 Metaspace       used 26895K, committed 27136K, reserved 1114112K
  class space    used 2490K, committed 2624K, reserved 1048576K
}
Event: 9.421 GC heap after
{Heap after GC invocations=5 (full 0):
 garbage-first heap   total 112640K, used 29568K [0x0000000709400000, 0x0000000800000000)
  region size 2048K, 1 young (2048K), 1 survivors (2048K)
 Metaspace       used 26895K, committed 27136K, reserved 1114112K
  class space    used 2490K, committed 2624K, reserved 1048576K
}
Event: 9.613 GC heap before
{Heap before GC invocations=5 (full 0):
 garbage-first heap   total 112640K, used 95104K [0x0000000709400000, 0x0000000800000000)
  region size 2048K, 33 young (67584K), 1 survivors (2048K)
 Metaspace       used 26899K, committed 27136K, reserved 1114112K
  class space    used 2490K, committed 2624K, reserved 1048576K
}
Event: 9.615 GC heap after
{Heap after GC invocations=6 (full 0):
 garbage-first heap   total 112640K, used 29285K [0x0000000709400000, 0x0000000800000000)
  region size 2048K, 1 young (2048K), 1 survivors (2048K)
 Metaspace       used 26899K, committed 27136K, reserved 1114112K
  class space    used 2490K, committed 2624K, reserved 1048576K
}
Event: 11.537 GC heap before
{Heap before GC invocations=6 (full 0):
 garbage-first heap   total 112640K, used 92773K [0x0000000709400000, 0x0000000800000000)
  region size 2048K, 33 young (67584K), 1 survivors (2048K)
 Metaspace       used 29482K, committed 29760K, reserved 1114112K
  class space    used 2799K, committed 2944K, reserved 1048576K
}
Event: 11.539 GC heap after
{Heap after GC invocations=7 (full 0):
 garbage-first heap   total 112640K, used 34068K [0x0000000709400000, 0x0000000800000000)
  region size 2048K, 4 young (8192K), 4 survivors (8192K)
 Metaspace       used 29482K, committed 29760K, reserved 1114112K
  class space    used 2799K, committed 2944K, reserved 1048576K
}
Event: 13.760 GC heap before
{Heap before GC invocations=7 (full 0):
 garbage-first heap   total 112640K, used 91412K [0x0000000709400000, 0x0000000800000000)
  region size 2048K, 33 young (67584K), 4 survivors (8192K)
 Metaspace       used 29673K, committed 29952K, reserved 1114112K
  class space    used 2799K, committed 2944K, reserved 1048576K
}
Event: 13.762 GC heap after
{Heap after GC invocations=8 (full 0):
 garbage-first heap   total 112640K, used 33244K [0x0000000709400000, 0x0000000800000000)
  region size 2048K, 3 young (6144K), 3 survivors (6144K)
 Metaspace       used 29673K, committed 29952K, reserved 1114112K
  class space    used 2799K, committed 2944K, reserved 1048576K
}
Event: 16.662 GC heap before
{Heap before GC invocations=8 (full 0):
 garbage-first heap   total 112640K, used 92636K [0x0000000709400000, 0x0000000800000000)
  region size 2048K, 33 young (67584K), 3 survivors (6144K)
 Metaspace       used 29848K, committed 30080K, reserved 1114112K
  class space    used 2805K, committed 2944K, reserved 1048576K
}
Event: 16.665 GC heap after
{Heap after GC invocations=9 (full 0):
 garbage-first heap   total 112640K, used 36095K [0x0000000709400000, 0x0000000800000000)
  region size 2048K, 5 young (10240K), 5 survivors (10240K)
 Metaspace       used 29848K, committed 30080K, reserved 1114112K
  class space    used 2805K, committed 2944K, reserved 1048576K
}

