# JRE version: Java(TM) SE Runtime Environment (21.0.1+12) (build 21.0.1+12-LTS-29)
# Java VM: Java HotSpot(TM) 64-Bit Server VM (21.0.1+12-LTS-29, mixed mode, sharing, tiered, compressed oops, compressed class ptrs, g1 gc, windows-amd64)
GC Precious Log:
 CardTable entry size: 512
 Card Set container configuration: InlinePtr #cards 4 size 8 Array Of Cards #cards 16 size 48 Howl #buckets 8 coarsen threshold 3686 Howl Bitmap #cards 512 size 80 coarsen threshold 460 Card regions per heap region 1 cards per card region 4096
 CPUs: 16 total, 16 available
 Memory: 15791M
 Large Page Support: Disabled
 NUMA Support: Disabled
 Compressed Oops: Enabled (Zero based)
 Heap Region Size: 2M
 Heap Min Capacity: 8M
 Heap Initial Capacity: 248M
 Heap Max Capacity: 3948M
 Pre-touch: Disabled
 Parallel Workers: 13
 Concurrent Workers: 3
 Concurrent Refinement Workers: 13
 Periodic GC: Disabled
Heap:
 garbage-first heap   total 69632K, used 45433K [0x0000000709400000, 0x0000000800000000)
  region size 2048K, 15 young (30720K), 1 survivors (2048K)
 Metaspace       used 22340K, committed 22528K, reserved 1114112K
  class space    used 1970K, committed 2048K, reserved 1048576K
GC Heap History (20 events):
Event: 75.198 GC heap before
{Heap before GC invocations=65 (full 0):
 garbage-first heap   total 69632K, used 57682K [0x0000000709400000, 0x0000000800000000)
  region size 2048K, 20 young (40960K), 1 survivors (2048K)
 Metaspace       used 22322K, committed 22528K, reserved 1114112K
  class space    used 1968K, committed 2048K, reserved 1048576K
}
Event: 75.200 GC heap after
{Heap after GC invocations=66 (full 0):
 garbage-first heap   total 69632K, used 18759K [0x0000000709400000, 0x0000000800000000)
  region size 2048K, 1 young (2048K), 1 survivors (2048K)
 Metaspace       used 22322K, committed 22528K, reserved 1114112K
  class space    used 1968K, committed 2048K, reserved 1048576K
}
Event: 76.166 GC heap before
{Heap before GC invocations=66 (full 0):
 garbage-first heap   total 69632K, used 57671K [0x0000000709400000, 0x0000000800000000)
  region size 2048K, 20 young (40960K), 1 survivors (2048K)
 Metaspace       used 22322K, committed 22528K, reserved 1114112K
  class space    used 1968K, committed 2048K, reserved 1048576K
}
Event: 76.167 GC heap after
{Heap after GC invocations=67 (full 0):
 garbage-first heap   total 69632K, used 18777K [0x0000000709400000, 0x0000000800000000)
  region size 2048K, 1 young (2048K), 1 survivors (2048K)
 Metaspace       used 22322K, committed 22528K, reserved 1114112K
  class space    used 1968K, committed 2048K, reserved 1048576K
}
Event: 77.160 GC heap before
{Heap before GC invocations=67 (full 0):
 garbage-first heap   total 69632K, used 57689K [0x0000000709400000, 0x0000000800000000)
  region size 2048K, 20 young (40960K), 1 survivors (2048K)
 Metaspace       used 22322K, committed 22528K, reserved 1114112K
  class space    used 1968K, committed 2048K, reserved 1048576K
}
Event: 77.161 GC heap after
{Heap after GC invocations=68 (full 0):
 garbage-first heap   total 69632K, used 18793K [0x0000000709400000, 0x0000000800000000)
  region size 2048K, 1 young (2048K), 1 survivors (2048K)
 Metaspace       used 22322K, committed 22528K, reserved 1114112K
  class space    used 1968K, committed 2048K, reserved 1048576K
}
Event: 78.192 GC heap before
{Heap before GC invocations=68 (full 0):
 garbage-first heap   total 69632K, used 57705K [0x0000000709400000, 0x0000000800000000)
  region size 2048K, 20 young (40960K), 1 survivors (2048K)
 Metaspace       used 22322K, committed 22528K, reserved 1114112K
  class space    used 1968K, committed 2048K, reserved 1048576K
}
Event: 78.193 GC heap after
{Heap after GC invocations=69 (full 0):
 garbage-first heap   total 69632K, used 18777K [0x0000000709400000, 0x0000000800000000)
  region size 2048K, 1 young (2048K), 1 survivors (2048K)
 Metaspace       used 22322K, committed 22528K, reserved 1114112K
  class space    used 1968K, committed 2048K, reserved 1048576K
}
Event: 79.166 GC heap before
{Heap before GC invocations=69 (full 0):
 garbage-first heap   total 69632K, used 57689K [0x0000000709400000, 0x0000000800000000)
  region size 2048K, 20 young (40960K), 1 survivors (2048K)
 Metaspace       used 22322K, committed 22528K, reserved 1114112K
  class space    used 1968K, committed 2048K, reserved 1048576K
}
Event: 79.167 GC heap after
{Heap after GC invocations=70 (full 0):
 garbage-first heap   total 69632K, used 18780K [0x0000000709400000, 0x0000000800000000)
  region size 2048K, 1 young (2048K), 1 survivors (2048K)
 Metaspace       used 22322K, committed 22528K, reserved 1114112K
  class space    used 1968K, committed 2048K, reserved 1048576K
}
Event: 80.149 GC heap before
{Heap before GC invocations=70 (full 0):
 garbage-first heap   total 69632K, used 57692K [0x0000000709400000, 0x0000000800000000)
  region size 2048K, 20 young (40960K), 1 survivors (2048K)
 Metaspace       used 22322K, committed 22528K, reserved 1114112K
  class space    used 1968K, committed 2048K, reserved 1048576K
}
Event: 80.150 GC heap after
{Heap after GC invocations=71 (full 0):
 garbage-first heap   total 69632K, used 18793K [0x0000000709400000, 0x0000000800000000)
  region size 2048K, 1 young (2048K), 1 survivors (2048K)
 Metaspace       used 22322K, committed 22528K, reserved 1114112K
  class space    used 1968K, committed 2048K, reserved 1048576K
}
Event: 81.157 GC heap before
{Heap before GC invocations=71 (full 0):
 garbage-first heap   total 69632K, used 57705K [0x0000000709400000, 0x0000000800000000)
  region size 2048K, 20 young (40960K), 1 survivors (2048K)
 Metaspace       used 22322K, committed 22528K, reserved 1114112K
  class space    used 1968K, committed 2048K, reserved 1048576K
}
Event: 81.159 GC heap after
{Heap after GC invocations=72 (full 0):
 garbage-first heap   total 69632K, used 18797K [0x0000000709400000, 0x0000000800000000)
  region size 2048K, 1 young (2048K), 1 survivors (2048K)
 Metaspace       used 22322K, committed 22528K, reserved 1114112K
  class space    used 1968K, committed 2048K, reserved 1048576K
}
Event: 82.143 GC heap before
{Heap before GC invocations=72 (full 0):
 garbage-first heap   total 69632K, used 57709K [0x0000000709400000, 0x0000000800000000)
  region size 2048K, 20 young (40960K), 1 survivors (2048K)
 Metaspace       used 22322K, committed 22528K, reserved 1114112K
  class space    used 1968K, committed 2048K, reserved 1048576K
}
Event: 82.144 GC heap after
{Heap after GC invocations=73 (full 0):
 garbage-first heap   total 69632K, used 18788K [0x0000000709400000, 0x0000000800000000)
  region size 2048K, 1 young (2048K), 1 survivors (2048K)
 Metaspace       used 22322K, committed 22528K, reserved 1114112K
  class space    used 1968K, committed 2048K, reserved 1048576K
}
Event: 83.112 GC heap before
{Heap before GC invocations=73 (full 0):
 garbage-first heap   total 69632K, used 57700K [0x0000000709400000, 0x0000000800000000)
  region size 2048K, 20 young (40960K), 1 survivors (2048K)
 Metaspace       used 22322K, committed 22528K, reserved 1114112K
  class space    used 1968K, committed 2048K, reserved 1048576K
}
Event: 83.113 GC heap after
{Heap after GC invocations=74 (full 0):
 garbage-first heap   total 69632K, used 18803K [0x0000000709400000, 0x0000000800000000)
  region size 2048K, 1 young (2048K), 1 survivors (2048K)
 Metaspace       used 22322K, committed 22528K, reserved 1114112K
  class space    used 1968K, committed 2048K, reserved 1048576K
}
Event: 84.118 GC heap before
{Heap before GC invocations=74 (full 0):
 garbage-first heap   total 69632K, used 57715K [0x0000000709400000, 0x0000000800000000)
  region size 2048K, 20 young (40960K), 1 survivors (2048K)
 Metaspace       used 22322K, committed 22528K, reserved 1114112K
  class space    used 1968K, committed 2048K, reserved 1048576K
}
Event: 84.119 GC heap after
{Heap after GC invocations=75 (full 0):
 garbage-first heap   total 69632K, used 18809K [0x0000000709400000, 0x0000000800000000)
  region size 2048K, 1 young (2048K), 1 survivors (2048K)
 Metaspace       used 22322K, committed 22528K, reserved 1114112K
  class space    used 1968K, committed 2048K, reserved 1048576K
}

