# JRE version: Java(TM) SE Runtime Environment (21.0.1+12) (build 21.0.1+12-LTS-29)
# Java VM: Java HotSpot(TM) 64-Bit Server VM (21.0.1+12-LTS-29, mixed mode, sharing, tiered, compressed oops, compressed class ptrs, g1 gc, windows-amd64)
GC Precious Log:
 CardTable entry size: 512
 Card Set container configuration: InlinePtr #cards 4 size 8 Array Of Cards #cards 16 size 48 Howl #buckets 8 coarsen threshold 3686 Howl Bitmap #cards 512 size 80 coarsen threshold 460 Card regions per heap region 1 cards per card region 4096
 CPUs: 16 total, 16 available
 Memory: 15791M
 Large Page Support: Disabled
 NUMA Support: Disabled
 Compressed Oops: Enabled (Zero based)
 Heap Region Size: 2M
 Heap Min Capacity: 8M
 Heap Initial Capacity: 248M
 Heap Max Capacity: 3948M
 Pre-touch: Disabled
 Parallel Workers: 13
 Concurrent Workers: 3
 Concurrent Refinement Workers: 13
 Periodic GC: Disabled
Heap:
 garbage-first heap   total 75776K, used 53541K [0x0000000709400000, 0x0000000800000000)
  region size 2048K, 12 young (24576K), 1 survivors (2048K)
 Metaspace       used 29065K, committed 29376K, reserved 1114112K
  class space    used 2796K, committed 2944K, reserved 1048576K
GC Heap History (16 events):
Event: 0.877 GC heap before
{Heap before GC invocations=0 (full 0):
 garbage-first heap   total 253952K, used 20480K [0x0000000709400000, 0x0000000800000000)
  region size 2048K, 11 young (22528K), 0 survivors (0K)
 Metaspace       used 5892K, committed 6144K, reserved 1114112K
  class space    used 609K, committed 704K, reserved 1048576K
}
Event: 0.883 GC heap after
{Heap after GC invocations=1 (full 0):
 garbage-first heap   total 253952K, used 9678K [0x0000000709400000, 0x0000000800000000)
  region size 2048K, 2 young (4096K), 2 survivors (4096K)
 Metaspace       used 5892K, committed 6144K, reserved 1114112K
  class space    used 609K, committed 704K, reserved 1048576K
}
Event: 7.781 GC heap before
{Heap before GC invocations=1 (full 0):
 garbage-first heap   total 253952K, used 26062K [0x0000000709400000, 0x0000000800000000)
  region size 2048K, 10 young (20480K), 2 survivors (4096K)
 Metaspace       used 13791K, committed 14080K, reserved 1114112K
  class space    used 1467K, committed 1600K, reserved 1048576K
}
Event: 7.784 GC heap after
{Heap after GC invocations=2 (full 0):
 garbage-first heap   total 253952K, used 14534K [0x0000000709400000, 0x0000000800000000)
  region size 2048K, 2 young (4096K), 2 survivors (4096K)
 Metaspace       used 13791K, committed 14080K, reserved 1114112K
  class space    used 1467K, committed 1600K, reserved 1048576K
}
Event: 32.705 GC heap before
{Heap before GC invocations=2 (full 0):
 garbage-first heap   total 253952K, used 24774K [0x0000000709400000, 0x0000000800000000)
  region size 2048K, 8 young (16384K), 2 survivors (4096K)
 Metaspace       used 21268K, committed 21504K, reserved 1114112K
  class space    used 2347K, committed 2496K, reserved 1048576K
}
Event: 32.709 GC heap after
{Heap after GC invocations=3 (full 0):
 garbage-first heap   total 253952K, used 16464K [0x0000000709400000, 0x0000000800000000)
  region size 2048K, 3 young (6144K), 3 survivors (6144K)
 Metaspace       used 21268K, committed 21504K, reserved 1114112K
  class space    used 2347K, committed 2496K, reserved 1048576K
}
Event: 35.368 GC heap before
{Heap before GC invocations=4 (full 0):
 garbage-first heap   total 69632K, used 67664K [0x0000000709400000, 0x0000000800000000)
  region size 2048K, 20 young (40960K), 3 survivors (6144K)
 Metaspace       used 23277K, committed 23552K, reserved 1114112K
  class space    used 2538K, committed 2688K, reserved 1048576K
}
Event: 35.372 GC heap after
{Heap after GC invocations=5 (full 0):
 garbage-first heap   total 75776K, used 33361K [0x0000000709400000, 0x0000000800000000)
  region size 2048K, 3 young (6144K), 3 survivors (6144K)
 Metaspace       used 23277K, committed 23552K, reserved 1114112K
  class space    used 2538K, committed 2688K, reserved 1048576K
}
Event: 36.424 GC heap before
{Heap before GC invocations=5 (full 0):
 garbage-first heap   total 75776K, used 62033K [0x0000000709400000, 0x0000000800000000)
  region size 2048K, 15 young (30720K), 3 survivors (6144K)
 Metaspace       used 27436K, committed 27776K, reserved 1114112K
  class space    used 2559K, committed 2752K, reserved 1048576K
}
Event: 36.428 GC heap after
{Heap after GC invocations=6 (full 0):
 garbage-first heap   total 75776K, used 33412K [0x0000000709400000, 0x0000000800000000)
  region size 2048K, 1 young (2048K), 1 survivors (2048K)
 Metaspace       used 27436K, committed 27776K, reserved 1114112K
  class space    used 2559K, committed 2752K, reserved 1048576K
}
Event: 36.597 GC heap before
{Heap before GC invocations=6 (full 0):
 garbage-first heap   total 75776K, used 62084K [0x0000000709400000, 0x0000000800000000)
  region size 2048K, 15 young (30720K), 1 survivors (2048K)
 Metaspace       used 27471K, committed 27840K, reserved 1114112K
  class space    used 2566K, committed 2752K, reserved 1048576K
}
Event: 36.598 GC heap after
{Heap after GC invocations=7 (full 0):
 garbage-first heap   total 75776K, used 33148K [0x0000000709400000, 0x0000000800000000)
  region size 2048K, 1 young (2048K), 1 survivors (2048K)
 Metaspace       used 27471K, committed 27840K, reserved 1114112K
  class space    used 2566K, committed 2752K, reserved 1048576K
}
Event: 36.727 GC heap before
{Heap before GC invocations=7 (full 0):
 garbage-first heap   total 75776K, used 63868K [0x0000000709400000, 0x0000000800000000)
  region size 2048K, 16 young (32768K), 1 survivors (2048K)
 Metaspace       used 27471K, committed 27840K, reserved 1114112K
  class space    used 2566K, committed 2752K, reserved 1048576K
}
Event: 36.728 GC heap after
{Heap after GC invocations=8 (full 0):
 garbage-first heap   total 75776K, used 33052K [0x0000000709400000, 0x0000000800000000)
  region size 2048K, 1 young (2048K), 1 survivors (2048K)
 Metaspace       used 27471K, committed 27840K, reserved 1114112K
  class space    used 2566K, committed 2752K, reserved 1048576K
}
Event: 36.881 GC heap before
{Heap before GC invocations=8 (full 0):
 garbage-first heap   total 75776K, used 65820K [0x0000000709400000, 0x0000000800000000)
  region size 2048K, 17 young (34816K), 1 survivors (2048K)
 Metaspace       used 27474K, committed 27840K, reserved 1114112K
  class space    used 2566K, committed 2752K, reserved 1048576K
}
Event: 36.883 GC heap after
{Heap after GC invocations=9 (full 0):
 garbage-first heap   total 75776K, used 33061K [0x0000000709400000, 0x0000000800000000)
  region size 2048K, 1 young (2048K), 1 survivors (2048K)
 Metaspace       used 27474K, committed 27840K, reserved 1114112K
  class space    used 2566K, committed 2752K, reserved 1048576K
}

