# JRE version: Java(TM) SE Runtime Environment (21.0.1+12) (build 21.0.1+12-LTS-29)
# Java VM: Java HotSpot(TM) 64-Bit Server VM (21.0.1+12-LTS-29, mixed mode, sharing, tiered, compressed oops, compressed class ptrs, g1 gc, windows-amd64)
GC Precious Log:
 CardTable entry size: 512
 Card Set container configuration: InlinePtr #cards 4 size 8 Array Of Cards #cards 16 size 48 Howl #buckets 8 coarsen threshold 3686 Howl Bitmap #cards 512 size 80 coarsen threshold 460 Card regions per heap region 1 cards per card region 4096
 CPUs: 16 total, 16 available
 Memory: 15791M
 Large Page Support: Disabled
 NUMA Support: Disabled
 Compressed Oops: Enabled (Zero based)
 Heap Region Size: 2M
 Heap Min Capacity: 8M
 Heap Initial Capacity: 248M
 Heap Max Capacity: 3948M
 Pre-touch: Disabled
 Parallel Workers: 13
 Concurrent Workers: 3
 Concurrent Refinement Workers: 13
 Periodic GC: Disabled
Heap:
 garbage-first heap   total 114688K, used 69433K [0x0000000709400000, 0x0000000800000000)
  region size 2048K, 3 young (6144K), 3 survivors (6144K)
 Metaspace       used 30885K, committed 31232K, reserved 1114112K
  class space    used 2923K, committed 3072K, reserved 1048576K
GC Heap History (20 events):
Event: 222.823 GC heap after
{Heap after GC invocations=7 (full 0):
 garbage-first heap   total 77824K, used 41139K [0x0000000709400000, 0x0000000800000000)
  region size 2048K, 1 young (2048K), 1 survivors (2048K)
 Metaspace       used 24366K, committed 24640K, reserved 1114112K
  class space    used 2599K, committed 2688K, reserved 1048576K
}
Event: 223.009 GC heap before
{Heap before GC invocations=8 (full 0):
 garbage-first heap   total 81920K, used 67763K [0x0000000709400000, 0x0000000800000000)
  region size 2048K, 12 young (24576K), 1 survivors (2048K)
 Metaspace       used 28201K, committed 28544K, reserved 1114112K
  class space    used 2607K, committed 2752K, reserved 1048576K
}
Event: 223.010 GC heap after
{Heap after GC invocations=9 (full 0):
 garbage-first heap   total 81920K, used 38042K [0x0000000709400000, 0x0000000800000000)
  region size 2048K, 1 young (2048K), 1 survivors (2048K)
 Metaspace       used 28201K, committed 28544K, reserved 1114112K
  class space    used 2607K, committed 2752K, reserved 1048576K
}
Event: 223.107 GC heap before
{Heap before GC invocations=9 (full 0):
 garbage-first heap   total 81920K, used 68762K [0x0000000709400000, 0x0000000800000000)
  region size 2048K, 16 young (32768K), 1 survivors (2048K)
 Metaspace       used 28201K, committed 28544K, reserved 1114112K
  class space    used 2607K, committed 2752K, reserved 1048576K
}
Event: 223.109 GC heap after
{Heap after GC invocations=10 (full 0):
 garbage-first heap   total 81920K, used 38372K [0x0000000709400000, 0x0000000800000000)
  region size 2048K, 1 young (2048K), 1 survivors (2048K)
 Metaspace       used 28201K, committed 28544K, reserved 1114112K
  class space    used 2607K, committed 2752K, reserved 1048576K
}
Event: 223.199 GC heap before
{Heap before GC invocations=10 (full 0):
 garbage-first heap   total 81920K, used 71140K [0x0000000709400000, 0x0000000800000000)
  region size 2048K, 17 young (34816K), 1 survivors (2048K)
 Metaspace       used 28204K, committed 28544K, reserved 1114112K
  class space    used 2607K, committed 2752K, reserved 1048576K
}
Event: 223.202 GC heap after
{Heap after GC invocations=11 (full 0):
 garbage-first heap   total 98304K, used 38403K [0x0000000709400000, 0x0000000800000000)
  region size 2048K, 1 young (2048K), 1 survivors (2048K)
 Metaspace       used 28204K, committed 28544K, reserved 1114112K
  class space    used 2607K, committed 2752K, reserved 1048576K
}
Event: 224.124 GC heap before
{Heap before GC invocations=12 (full 0):
 garbage-first heap   total 98304K, used 84843K [0x0000000709400000, 0x0000000800000000)
  region size 2048K, 25 young (51200K), 1 survivors (2048K)
 Metaspace       used 30747K, committed 31104K, reserved 1114112K
  class space    used 2915K, committed 3072K, reserved 1048576K
}
Event: 224.126 GC heap after
{Heap after GC invocations=13 (full 0):
 garbage-first heap   total 98304K, used 38958K [0x0000000709400000, 0x0000000800000000)
  region size 2048K, 2 young (4096K), 2 survivors (4096K)
 Metaspace       used 30747K, committed 31104K, reserved 1114112K
  class space    used 2915K, committed 3072K, reserved 1048576K
}
Event: 225.769 GC heap before
{Heap before GC invocations=13 (full 0):
 garbage-first heap   total 98304K, used 84014K [0x0000000709400000, 0x0000000800000000)
  region size 2048K, 25 young (51200K), 2 survivors (4096K)
 Metaspace       used 30780K, committed 31104K, reserved 1114112K
  class space    used 2915K, committed 3072K, reserved 1048576K
}
Event: 225.771 GC heap after
{Heap after GC invocations=14 (full 0):
 garbage-first heap   total 98304K, used 39837K [0x0000000709400000, 0x0000000800000000)
  region size 2048K, 2 young (4096K), 2 survivors (4096K)
 Metaspace       used 30780K, committed 31104K, reserved 1114112K
  class space    used 2915K, committed 3072K, reserved 1048576K
}
Event: 226.729 GC heap before
{Heap before GC invocations=14 (full 0):
 garbage-first heap   total 98304K, used 64413K [0x0000000709400000, 0x0000000800000000)
  region size 2048K, 16 young (32768K), 2 survivors (4096K)
 Metaspace       used 30838K, committed 31168K, reserved 1114112K
  class space    used 2918K, committed 3072K, reserved 1048576K
}
Event: 226.731 GC heap after
{Heap after GC invocations=15 (full 0):
 garbage-first heap   total 98304K, used 42972K [0x0000000709400000, 0x0000000800000000)
  region size 2048K, 4 young (8192K), 4 survivors (8192K)
 Metaspace       used 30838K, committed 31168K, reserved 1114112K
  class space    used 2918K, committed 3072K, reserved 1048576K
}
Event: 227.008 GC heap before
{Heap before GC invocations=16 (full 0):
 garbage-first heap   total 106496K, used 94172K [0x0000000709400000, 0x0000000800000000)
  region size 2048K, 22 young (45056K), 4 survivors (8192K)
 Metaspace       used 30872K, committed 31168K, reserved 1114112K
  class space    used 2923K, committed 3072K, reserved 1048576K
}
Event: 227.011 GC heap after
{Heap after GC invocations=17 (full 0):
 garbage-first heap   total 106496K, used 59310K [0x0000000709400000, 0x0000000800000000)
  region size 2048K, 3 young (6144K), 3 survivors (6144K)
 Metaspace       used 30872K, committed 31168K, reserved 1114112K
  class space    used 2923K, committed 3072K, reserved 1048576K
}
Event: 227.195 GC heap before
{Heap before GC invocations=17 (full 0):
 garbage-first heap   total 106496K, used 98222K [0x0000000709400000, 0x0000000800000000)
  region size 2048K, 19 young (38912K), 3 survivors (6144K)
 Metaspace       used 30884K, committed 31232K, reserved 1114112K
  class space    used 2923K, committed 3072K, reserved 1048576K
}
Event: 227.198 GC heap after
{Heap after GC invocations=18 (full 0):
 garbage-first heap   total 108544K, used 58451K [0x0000000709400000, 0x0000000800000000)
  region size 2048K, 3 young (6144K), 3 survivors (6144K)
 Metaspace       used 30884K, committed 31232K, reserved 1114112K
  class space    used 2923K, committed 3072K, reserved 1048576K
}
Event: 227.344 GC heap before
{Heap before GC invocations=18 (full 0):
 garbage-first heap   total 108544K, used 83027K [0x0000000709400000, 0x0000000800000000)
  region size 2048K, 17 young (34816K), 3 survivors (6144K)
 Metaspace       used 30885K, committed 31232K, reserved 1114112K
  class space    used 2923K, committed 3072K, reserved 1048576K
}
Event: 227.347 GC heap after
{Heap after GC invocations=19 (full 0):
 garbage-first heap   total 108544K, used 52116K [0x0000000709400000, 0x0000000800000000)
  region size 2048K, 3 young (6144K), 3 survivors (6144K)
 Metaspace       used 30885K, committed 31232K, reserved 1114112K
  class space    used 2923K, committed 3072K, reserved 1048576K
}
Event: 227.569 GC heap before
{Heap before GC invocations=20 (full 0):
 garbage-first heap   total 108544K, used 105364K [0x0000000709400000, 0x0000000800000000)
  region size 2048K, 22 young (45056K), 3 survivors (6144K)
 Metaspace       used 30885K, committed 31232K, reserved 1114112K
  class space    used 2923K, committed 3072K, reserved 1048576K
}

