# JRE version: Java(TM) SE Runtime Environment (21.0.1+12) (build 21.0.1+12-LTS-29)
# Java VM: Java HotSpot(TM) 64-Bit Server VM (21.0.1+12-LTS-29, mixed mode, sharing, tiered, compressed oops, compressed class ptrs, g1 gc, windows-amd64)
GC Precious Log:
 CardTable entry size: 512
 Card Set container configuration: InlinePtr #cards 4 size 8 Array Of Cards #cards 16 size 48 Howl #buckets 8 coarsen threshold 3686 Howl Bitmap #cards 512 size 80 coarsen threshold 460 Card regions per heap region 1 cards per card region 4096
 CPUs: 16 total, 16 available
 Memory: 15791M
 Large Page Support: Disabled
 NUMA Support: Disabled
 Compressed Oops: Enabled (Zero based)
 Heap Region Size: 2M
 Heap Min Capacity: 8M
 Heap Initial Capacity: 248M
 Heap Max Capacity: 3948M
 Pre-touch: Disabled
 Parallel Workers: 13
 Concurrent Workers: 3
 Concurrent Refinement Workers: 13
 Periodic GC: Disabled
Heap:
 garbage-first heap   total 141312K, used 58196K [0x0000000709400000, 0x0000000800000000)
  region size 2048K, 1 young (2048K), 1 survivors (2048K)
 Metaspace       used 30848K, committed 31104K, reserved 1114112K
  class space    used 2917K, committed 3008K, reserved 1048576K
GC Heap History (20 events):
Event: 51.546 GC heap after
{Heap after GC invocations=16 (full 0):
 garbage-first heap   total 104448K, used 54753K [0x0000000709400000, 0x0000000800000000)
  region size 2048K, 2 young (4096K), 2 survivors (4096K)
 Metaspace       used 30836K, committed 31104K, reserved 1114112K
  class space    used 2917K, committed 3008K, reserved 1048576K
}
Event: 51.780 GC heap before
{Heap before GC invocations=17 (full 0):
 garbage-first heap   total 104448K, used 101857K [0x0000000709400000, 0x0000000800000000)
  region size 2048K, 14 young (28672K), 2 survivors (4096K)
 Metaspace       used 30840K, committed 31104K, reserved 1114112K
  class space    used 2917K, committed 3008K, reserved 1048576K
}
Event: 51.783 GC heap after
{Heap after GC invocations=18 (full 0):
 garbage-first heap   total 108544K, used 64992K [0x0000000709400000, 0x0000000800000000)
  region size 2048K, 2 young (4096K), 2 survivors (4096K)
 Metaspace       used 30840K, committed 31104K, reserved 1114112K
  class space    used 2917K, committed 3008K, reserved 1048576K
}
Event: 51.975 GC heap before
{Heap before GC invocations=18 (full 0):
 garbage-first heap   total 108544K, used 105952K [0x0000000709400000, 0x0000000800000000)
  region size 2048K, 16 young (32768K), 2 survivors (4096K)
 Metaspace       used 30841K, committed 31104K, reserved 1114112K
  class space    used 2917K, committed 3008K, reserved 1048576K
}
Event: 51.978 GC heap after
{Heap after GC invocations=19 (full 0):
 garbage-first heap   total 116736K, used 51131K [0x0000000709400000, 0x0000000800000000)
  region size 2048K, 3 young (6144K), 3 survivors (6144K)
 Metaspace       used 30841K, committed 31104K, reserved 1114112K
  class space    used 2917K, committed 3008K, reserved 1048576K
}
Event: 52.089 GC heap before
{Heap before GC invocations=19 (full 0):
 garbage-first heap   total 116736K, used 55227K [0x0000000709400000, 0x0000000800000000)
  region size 2048K, 6 young (12288K), 3 survivors (6144K)
 Metaspace       used 30841K, committed 31104K, reserved 1114112K
  class space    used 2917K, committed 3008K, reserved 1048576K
}
Event: 52.091 GC heap after
{Heap after GC invocations=20 (full 0):
 garbage-first heap   total 141312K, used 35693K [0x0000000709400000, 0x0000000800000000)
  region size 2048K, 2 young (4096K), 2 survivors (4096K)
 Metaspace       used 30841K, committed 31104K, reserved 1114112K
  class space    used 2917K, committed 3008K, reserved 1048576K
}
Event: 52.457 GC heap before
{Heap before GC invocations=20 (full 0):
 garbage-first heap   total 141312K, used 99181K [0x0000000709400000, 0x0000000800000000)
  region size 2048K, 21 young (43008K), 2 survivors (4096K)
 Metaspace       used 30842K, committed 31104K, reserved 1114112K
  class space    used 2917K, committed 3008K, reserved 1048576K
}
Event: 52.459 GC heap after
{Heap after GC invocations=21 (full 0):
 garbage-first heap   total 141312K, used 64248K [0x0000000709400000, 0x0000000800000000)
  region size 2048K, 2 young (4096K), 2 survivors (4096K)
 Metaspace       used 30842K, committed 31104K, reserved 1114112K
  class space    used 2917K, committed 3008K, reserved 1048576K
}
Event: 52.492 GC heap before
{Heap before GC invocations=21 (full 0):
 garbage-first heap   total 141312K, used 72440K [0x0000000709400000, 0x0000000800000000)
  region size 2048K, 3 young (6144K), 2 survivors (4096K)
 Metaspace       used 30842K, committed 31104K, reserved 1114112K
  class space    used 2917K, committed 3008K, reserved 1048576K
}
Event: 52.493 GC heap after
{Heap after GC invocations=22 (full 0):
 garbage-first heap   total 141312K, used 44513K [0x0000000709400000, 0x0000000800000000)
  region size 2048K, 2 young (4096K), 2 survivors (4096K)
 Metaspace       used 30842K, committed 31104K, reserved 1114112K
  class space    used 2917K, committed 3008K, reserved 1048576K
}
Event: 52.817 GC heap before
{Heap before GC invocations=22 (full 0):
 garbage-first heap   total 141312K, used 101857K [0x0000000709400000, 0x0000000800000000)
  region size 2048K, 21 young (43008K), 2 survivors (4096K)
 Metaspace       used 30842K, committed 31104K, reserved 1114112K
  class space    used 2917K, committed 3008K, reserved 1048576K
}
Event: 52.819 GC heap after
{Heap after GC invocations=23 (full 0):
 garbage-first heap   total 141312K, used 65101K [0x0000000709400000, 0x0000000800000000)
  region size 2048K, 2 young (4096K), 2 survivors (4096K)
 Metaspace       used 30842K, committed 31104K, reserved 1114112K
  class space    used 2917K, committed 3008K, reserved 1048576K
}
Event: 52.848 GC heap before
{Heap before GC invocations=23 (full 0):
 garbage-first heap   total 141312K, used 73293K [0x0000000709400000, 0x0000000800000000)
  region size 2048K, 3 young (6144K), 2 survivors (4096K)
 Metaspace       used 30842K, committed 31104K, reserved 1114112K
  class space    used 2917K, committed 3008K, reserved 1048576K
}
Event: 52.849 GC heap after
{Heap after GC invocations=24 (full 0):
 garbage-first heap   total 141312K, used 44611K [0x0000000709400000, 0x0000000800000000)
  region size 2048K, 2 young (4096K), 2 survivors (4096K)
 Metaspace       used 30842K, committed 31104K, reserved 1114112K
  class space    used 2917K, committed 3008K, reserved 1048576K
}
Event: 53.176 GC heap before
{Heap before GC invocations=24 (full 0):
 garbage-first heap   total 141312K, used 101955K [0x0000000709400000, 0x0000000800000000)
  region size 2048K, 21 young (43008K), 2 survivors (4096K)
 Metaspace       used 30848K, committed 31104K, reserved 1114112K
  class space    used 2917K, committed 3008K, reserved 1048576K
}
Event: 53.178 GC heap after
{Heap after GC invocations=25 (full 0):
 garbage-first heap   total 141312K, used 64456K [0x0000000709400000, 0x0000000800000000)
  region size 2048K, 2 young (4096K), 2 survivors (4096K)
 Metaspace       used 30848K, committed 31104K, reserved 1114112K
  class space    used 2917K, committed 3008K, reserved 1048576K
}
Event: 53.206 GC heap before
{Heap before GC invocations=25 (full 0):
 garbage-first heap   total 141312K, used 72648K [0x0000000709400000, 0x0000000800000000)
  region size 2048K, 3 young (6144K), 2 survivors (4096K)
 Metaspace       used 30848K, committed 31104K, reserved 1114112K
  class space    used 2917K, committed 3008K, reserved 1048576K
}
Event: 53.208 GC heap after
{Heap after GC invocations=26 (full 0):
 garbage-first heap   total 141312K, used 43820K [0x0000000709400000, 0x0000000800000000)
  region size 2048K, 1 young (2048K), 1 survivors (2048K)
 Metaspace       used 30848K, committed 31104K, reserved 1114112K
  class space    used 2917K, committed 3008K, reserved 1048576K
}
Event: 53.387 GC heap before
{Heap before GC invocations=26 (full 0):
 garbage-first heap   total 141312K, used 74540K [0x0000000709400000, 0x0000000800000000)
  region size 2048K, 11 young (22528K), 1 survivors (2048K)
 Metaspace       used 30848K, committed 31104K, reserved 1114112K
  class space    used 2917K, committed 3008K, reserved 1048576K
}

