# JRE version: Java(TM) SE Runtime Environment (21.0.1+12) (build 21.0.1+12-LTS-29)
# Java VM: Java HotSpot(TM) 64-Bit Server VM (21.0.1+12-LTS-29, mixed mode, sharing, tiered, compressed oops, compressed class ptrs, g1 gc, windows-amd64)
GC Precious Log:
 CardTable entry size: 512
 Card Set container configuration: InlinePtr #cards 4 size 8 Array Of Cards #cards 16 size 48 Howl #buckets 8 coarsen threshold 3686 Howl Bitmap #cards 512 size 80 coarsen threshold 460 Card regions per heap region 1 cards per card region 4096
 CPUs: 16 total, 16 available
 Memory: 15791M
 Large Page Support: Disabled
 NUMA Support: Disabled
 Compressed Oops: Enabled (Zero based)
 Heap Region Size: 2M
 Heap Min Capacity: 8M
 Heap Initial Capacity: 248M
 Heap Max Capacity: 3948M
 Pre-touch: Disabled
 Parallel Workers: 13
 Concurrent Workers: 3
 Concurrent Refinement Workers: 13
 Periodic GC: Disabled
Heap:
 garbage-first heap   total 69632K, used 30107K [0x0000000709400000, 0x0000000800000000)
  region size 2048K, 8 young (16384K), 1 survivors (2048K)
 Metaspace       used 29242K, committed 29504K, reserved 1114112K
  class space    used 2817K, committed 2944K, reserved 1048576K
GC Heap History (14 events):
Event: 3.072 GC heap before
{Heap before GC invocations=0 (full 0):
 garbage-first heap   total 253952K, used 26624K [0x0000000709400000, 0x0000000800000000)
  region size 2048K, 11 young (22528K), 0 survivors (0K)
 Metaspace       used 10284K, committed 10496K, reserved 1114112K
  class space    used 1158K, committed 1280K, reserved 1048576K
}
Event: 3.077 GC heap after
{Heap after GC invocations=1 (full 0):
 garbage-first heap   total 253952K, used 12288K [0x0000000709400000, 0x0000000800000000)
  region size 2048K, 2 young (4096K), 2 survivors (4096K)
 Metaspace       used 10284K, committed 10496K, reserved 1114112K
  class space    used 1158K, committed 1280K, reserved 1048576K
}
Event: 7.735 GC heap before
{Heap before GC invocations=1 (full 0):
 garbage-first heap   total 253952K, used 34816K [0x0000000709400000, 0x0000000800000000)
  region size 2048K, 13 young (26624K), 2 survivors (4096K)
 Metaspace       used 19560K, committed 19840K, reserved 1114112K
  class space    used 2167K, committed 2304K, reserved 1048576K
}
Event: 7.740 GC heap after
{Heap after GC invocations=2 (full 0):
 garbage-first heap   total 253952K, used 15047K [0x0000000709400000, 0x0000000800000000)
  region size 2048K, 2 young (4096K), 2 survivors (4096K)
 Metaspace       used 19560K, committed 19840K, reserved 1114112K
  class space    used 2167K, committed 2304K, reserved 1048576K
}
Event: 43.537 GC heap before
{Heap before GC invocations=2 (full 0):
 garbage-first heap   total 253952K, used 17095K [0x0000000709400000, 0x0000000800000000)
  region size 2048K, 4 young (8192K), 2 survivors (4096K)
 Metaspace       used 21234K, committed 21504K, reserved 1114112K
  class space    used 2366K, committed 2496K, reserved 1048576K
}
Event: 43.539 GC heap after
{Heap after GC invocations=3 (full 0):
 garbage-first heap   total 253952K, used 15085K [0x0000000709400000, 0x0000000800000000)
  region size 2048K, 2 young (4096K), 2 survivors (4096K)
 Metaspace       used 21234K, committed 21504K, reserved 1114112K
  class space    used 2366K, committed 2496K, reserved 1048576K
}
Event: 45.554 GC heap before
{Heap before GC invocations=4 (full 0):
 garbage-first heap   total 69632K, used 53997K [0x0000000709400000, 0x0000000800000000)
  region size 2048K, 20 young (40960K), 2 survivors (4096K)
 Metaspace       used 23436K, committed 23808K, reserved 1114112K
  class space    used 2557K, committed 2752K, reserved 1048576K
}
Event: 45.557 GC heap after
{Heap after GC invocations=5 (full 0):
 garbage-first heap   total 69632K, used 17625K [0x0000000709400000, 0x0000000800000000)
  region size 2048K, 2 young (4096K), 2 survivors (4096K)
 Metaspace       used 23436K, committed 23808K, reserved 1114112K
  class space    used 2557K, committed 2752K, reserved 1048576K
}
Event: 45.777 GC heap before
{Heap before GC invocations=5 (full 0):
 garbage-first heap   total 69632K, used 56537K [0x0000000709400000, 0x0000000800000000)
  region size 2048K, 19 young (38912K), 2 survivors (4096K)
 Metaspace       used 27617K, committed 27904K, reserved 1114112K
  class space    used 2585K, committed 2752K, reserved 1048576K
}
Event: 45.779 GC heap after
{Heap after GC invocations=6 (full 0):
 garbage-first heap   total 69632K, used 17596K [0x0000000709400000, 0x0000000800000000)
  region size 2048K, 2 young (4096K), 2 survivors (4096K)
 Metaspace       used 27617K, committed 27904K, reserved 1114112K
  class space    used 2585K, committed 2752K, reserved 1048576K
}
Event: 45.875 GC heap before
{Heap before GC invocations=6 (full 0):
 garbage-first heap   total 69632K, used 54460K [0x0000000709400000, 0x0000000800000000)
  region size 2048K, 20 young (40960K), 2 survivors (4096K)
 Metaspace       used 27618K, committed 27904K, reserved 1114112K
  class space    used 2585K, committed 2752K, reserved 1048576K
}
Event: 45.877 GC heap after
{Heap after GC invocations=7 (full 0):
 garbage-first heap   total 69632K, used 17749K [0x0000000709400000, 0x0000000800000000)
  region size 2048K, 2 young (4096K), 2 survivors (4096K)
 Metaspace       used 27618K, committed 27904K, reserved 1114112K
  class space    used 2585K, committed 2752K, reserved 1048576K
}
Event: 45.967 GC heap before
{Heap before GC invocations=7 (full 0):
 garbage-first heap   total 69632K, used 54613K [0x0000000709400000, 0x0000000800000000)
  region size 2048K, 20 young (40960K), 2 survivors (4096K)
 Metaspace       used 27632K, committed 27904K, reserved 1114112K
  class space    used 2585K, committed 2752K, reserved 1048576K
}
Event: 45.969 GC heap after
{Heap after GC invocations=8 (full 0):
 garbage-first heap   total 69632K, used 17819K [0x0000000709400000, 0x0000000800000000)
  region size 2048K, 1 young (2048K), 1 survivors (2048K)
 Metaspace       used 27632K, committed 27904K, reserved 1114112K
  class space    used 2585K, committed 2752K, reserved 1048576K
}

