# JRE version: Java(TM) SE Runtime Environment (21.0.1+12) (build 21.0.1+12-LTS-29)
# Java VM: Java HotSpot(TM) 64-Bit Server VM (21.0.1+12-LTS-29, mixed mode, sharing, tiered, compressed oops, compressed class ptrs, g1 gc, windows-amd64)
GC Precious Log:
 CardTable entry size: 512
 Card Set container configuration: InlinePtr #cards 4 size 8 Array Of Cards #cards 16 size 48 Howl #buckets 8 coarsen threshold 3686 Howl Bitmap #cards 512 size 80 coarsen threshold 460 Card regions per heap region 1 cards per card region 4096
 CPUs: 16 total, 16 available
 Memory: 15791M
 Large Page Support: Disabled
 NUMA Support: Disabled
 Compressed Oops: Enabled (Zero based)
 Heap Region Size: 2M
 Heap Min Capacity: 8M
 Heap Initial Capacity: 248M
 Heap Max Capacity: 3948M
 Pre-touch: Disabled
 Parallel Workers: 13
 Concurrent Workers: 3
 Concurrent Refinement Workers: 13
 Periodic GC: Disabled
Heap:
 garbage-first heap   total 77824K, used 50242K [0x0000000709400000, 0x0000000800000000)
  region size 2048K, 9 young (18432K), 1 survivors (2048K)
 Metaspace       used 28414K, committed 28736K, reserved 1114112K
  class space    used 2647K, committed 2816K, reserved 1048576K
GC Heap History (12 events):
Event: 1.047 GC heap before
{Heap before GC invocations=0 (full 0):
 garbage-first heap   total 253952K, used 20480K [0x0000000709400000, 0x0000000800000000)
  region size 2048K, 11 young (22528K), 0 survivors (0K)
 Metaspace       used 5884K, committed 6144K, reserved 1114112K
  class space    used 609K, committed 704K, reserved 1048576K
}
Event: 1.053 GC heap after
{Heap after GC invocations=1 (full 0):
 garbage-first heap   total 253952K, used 9451K [0x0000000709400000, 0x0000000800000000)
  region size 2048K, 2 young (4096K), 2 survivors (4096K)
 Metaspace       used 5884K, committed 6144K, reserved 1114112K
  class space    used 609K, committed 704K, reserved 1048576K
}
Event: 5.493 GC heap before
{Heap before GC invocations=1 (full 0):
 garbage-first heap   total 253952K, used 31979K [0x0000000709400000, 0x0000000800000000)
  region size 2048K, 12 young (24576K), 2 survivors (4096K)
 Metaspace       used 15113K, committed 15360K, reserved 1114112K
  class space    used 1616K, committed 1728K, reserved 1048576K
}
Event: 5.498 GC heap after
{Heap after GC invocations=2 (full 0):
 garbage-first heap   total 253952K, used 17776K [0x0000000709400000, 0x0000000800000000)
  region size 2048K, 2 young (4096K), 2 survivors (4096K)
 Metaspace       used 15113K, committed 15360K, reserved 1114112K
  class space    used 1616K, committed 1728K, reserved 1048576K
}
Event: 13.673 GC heap before
{Heap before GC invocations=2 (full 0):
 garbage-first heap   total 253952K, used 25968K [0x0000000709400000, 0x0000000800000000)
  region size 2048K, 7 young (14336K), 2 survivors (4096K)
 Metaspace       used 21236K, committed 21504K, reserved 1114112K
  class space    used 2303K, committed 2432K, reserved 1048576K
}
Event: 13.676 GC heap after
{Heap after GC invocations=3 (full 0):
 garbage-first heap   total 253952K, used 19145K [0x0000000709400000, 0x0000000800000000)
  region size 2048K, 1 young (2048K), 1 survivors (2048K)
 Metaspace       used 21236K, committed 21504K, reserved 1114112K
  class space    used 2303K, committed 2432K, reserved 1048576K
}
Event: 23.382 GC heap before
{Heap before GC invocations=4 (full 0):
 garbage-first heap   total 75776K, used 72393K [0x0000000709400000, 0x0000000800000000)
  region size 2048K, 20 young (40960K), 1 survivors (2048K)
 Metaspace       used 24228K, committed 24640K, reserved 1114112K
  class space    used 2619K, committed 2816K, reserved 1048576K
}
Event: 23.384 GC heap after
{Heap after GC invocations=5 (full 0):
 garbage-first heap   total 77824K, used 35951K [0x0000000709400000, 0x0000000800000000)
  region size 2048K, 1 young (2048K), 1 survivors (2048K)
 Metaspace       used 24228K, committed 24640K, reserved 1114112K
  class space    used 2619K, committed 2816K, reserved 1048576K
}
Event: 24.396 GC heap before
{Heap before GC invocations=5 (full 0):
 garbage-first heap   total 77824K, used 64623K [0x0000000709400000, 0x0000000800000000)
  region size 2048K, 13 young (26624K), 1 survivors (2048K)
 Metaspace       used 28407K, committed 28736K, reserved 1114112K
  class space    used 2647K, committed 2816K, reserved 1048576K
}
Event: 24.398 GC heap after
{Heap after GC invocations=6 (full 0):
 garbage-first heap   total 77824K, used 35899K [0x0000000709400000, 0x0000000800000000)
  region size 2048K, 1 young (2048K), 1 survivors (2048K)
 Metaspace       used 28407K, committed 28736K, reserved 1114112K
  class space    used 2647K, committed 2816K, reserved 1048576K
}
Event: 24.849 GC heap before
{Heap before GC invocations=6 (full 0):
 garbage-first heap   total 77824K, used 62523K [0x0000000709400000, 0x0000000800000000)
  region size 2048K, 14 young (28672K), 1 survivors (2048K)
 Metaspace       used 28414K, committed 28736K, reserved 1114112K
  class space    used 2647K, committed 2816K, reserved 1048576K
}
Event: 24.851 GC heap after
{Heap after GC invocations=7 (full 0):
 garbage-first heap   total 77824K, used 35906K [0x0000000709400000, 0x0000000800000000)
  region size 2048K, 1 young (2048K), 1 survivors (2048K)
 Metaspace       used 28414K, committed 28736K, reserved 1114112K
  class space    used 2647K, committed 2816K, reserved 1048576K
}

