# JRE version: Java(TM) SE Runtime Environment (21.0.1+12) (build 21.0.1+12-LTS-29)
# Java VM: Java HotSpot(TM) 64-Bit Server VM (21.0.1+12-LTS-29, mixed mode, sharing, tiered, compressed oops, compressed class ptrs, g1 gc, windows-amd64)
GC Precious Log:
 CardTable entry size: 512
 Card Set container configuration: InlinePtr #cards 4 size 8 Array Of Cards #cards 16 size 48 Howl #buckets 8 coarsen threshold 3686 Howl Bitmap #cards 512 size 80 coarsen threshold 460 Card regions per heap region 1 cards per card region 4096
 CPUs: 16 total, 16 available
 Memory: 15791M
 Large Page Support: Disabled
 NUMA Support: Disabled
 Compressed Oops: Enabled (Zero based)
 Heap Region Size: 2M
 Heap Min Capacity: 8M
 Heap Initial Capacity: 248M
 Heap Max Capacity: 3948M
 Pre-touch: Disabled
 Parallel Workers: 13
 Concurrent Workers: 3
 Concurrent Refinement Workers: 13
 Periodic GC: Disabled
Heap:
 garbage-first heap   total 77824K, used 29150K [0x0000000709400000, 0x0000000800000000)
  region size 2048K, 2 young (4096K), 2 survivors (4096K)
 Metaspace       used 29550K, committed 29760K, reserved 1114112K
  class space    used 2841K, committed 2944K, reserved 1048576K
GC Heap History (15 events):
Event: 0.888 GC heap before
{Heap before GC invocations=0 (full 0):
 garbage-first heap   total 253952K, used 20480K [0x0000000709400000, 0x0000000800000000)
  region size 2048K, 11 young (22528K), 0 survivors (0K)
 Metaspace       used 5882K, committed 6144K, reserved 1114112K
  class space    used 609K, committed 704K, reserved 1048576K
}
Event: 0.893 GC heap after
{Heap after GC invocations=1 (full 0):
 garbage-first heap   total 253952K, used 8857K [0x0000000709400000, 0x0000000800000000)
  region size 2048K, 2 young (4096K), 2 survivors (4096K)
 Metaspace       used 5882K, committed 6144K, reserved 1114112K
  class space    used 609K, committed 704K, reserved 1048576K
}
Event: 7.264 GC heap before
{Heap before GC invocations=1 (full 0):
 garbage-first heap   total 253952K, used 27289K [0x0000000709400000, 0x0000000800000000)
  region size 2048K, 11 young (22528K), 2 survivors (4096K)
 Metaspace       used 13990K, committed 14272K, reserved 1114112K
  class space    used 1476K, committed 1600K, reserved 1048576K
}
Event: 7.267 GC heap after
{Heap after GC invocations=2 (full 0):
 garbage-first heap   total 253952K, used 14459K [0x0000000709400000, 0x0000000800000000)
  region size 2048K, 2 young (4096K), 2 survivors (4096K)
 Metaspace       used 13990K, committed 14272K, reserved 1114112K
  class space    used 1476K, committed 1600K, reserved 1048576K
}
Event: 8.186 GC heap before
{Heap before GC invocations=2 (full 0):
 garbage-first heap   total 253952K, used 24699K [0x0000000709400000, 0x0000000800000000)
  region size 2048K, 8 young (16384K), 2 survivors (4096K)
 Metaspace       used 21295K, committed 21504K, reserved 1114112K
  class space    used 2361K, committed 2496K, reserved 1048576K
}
Event: 8.189 GC heap after
{Heap after GC invocations=3 (full 0):
 garbage-first heap   total 253952K, used 16228K [0x0000000709400000, 0x0000000800000000)
  region size 2048K, 3 young (6144K), 3 survivors (6144K)
 Metaspace       used 21295K, committed 21504K, reserved 1114112K
  class space    used 2361K, committed 2496K, reserved 1048576K
}
Event: 10.063 GC heap before
{Heap before GC invocations=4 (full 0):
 garbage-first heap   total 69632K, used 65380K [0x0000000709400000, 0x0000000800000000)
  region size 2048K, 22 young (45056K), 3 survivors (6144K)
 Metaspace       used 23625K, committed 23936K, reserved 1114112K
  class space    used 2582K, committed 2752K, reserved 1048576K
}
Event: 10.067 GC heap after
{Heap after GC invocations=5 (full 0):
 garbage-first heap   total 77824K, used 29860K [0x0000000709400000, 0x0000000800000000)
  region size 2048K, 4 young (8192K), 4 survivors (8192K)
 Metaspace       used 23625K, committed 23936K, reserved 1114112K
  class space    used 2582K, committed 2752K, reserved 1048576K
}
Event: 10.289 GC heap before
{Heap before GC invocations=5 (full 0):
 garbage-first heap   total 77824K, used 62628K [0x0000000709400000, 0x0000000800000000)
  region size 2048K, 18 young (36864K), 4 survivors (8192K)
 Metaspace       used 27807K, committed 28096K, reserved 1114112K
  class space    used 2610K, committed 2752K, reserved 1048576K
}
Event: 10.293 GC heap after
{Heap after GC invocations=6 (full 0):
 garbage-first heap   total 77824K, used 29180K [0x0000000709400000, 0x0000000800000000)
  region size 2048K, 2 young (4096K), 2 survivors (4096K)
 Metaspace       used 27807K, committed 28096K, reserved 1114112K
  class space    used 2610K, committed 2752K, reserved 1048576K
}
Event: 10.408 GC heap before
{Heap before GC invocations=6 (full 0):
 garbage-first heap   total 77824K, used 61948K [0x0000000709400000, 0x0000000800000000)
  region size 2048K, 18 young (36864K), 2 survivors (4096K)
 Metaspace       used 27808K, committed 28096K, reserved 1114112K
  class space    used 2610K, committed 2752K, reserved 1048576K
}
Event: 10.410 GC heap after
{Heap after GC invocations=7 (full 0):
 garbage-first heap   total 77824K, used 28895K [0x0000000709400000, 0x0000000800000000)
  region size 2048K, 2 young (4096K), 2 survivors (4096K)
 Metaspace       used 27808K, committed 28096K, reserved 1114112K
  class space    used 2610K, committed 2752K, reserved 1048576K
}
Event: 10.580 GC heap before
{Heap before GC invocations=7 (full 0):
 garbage-first heap   total 77824K, used 65759K [0x0000000709400000, 0x0000000800000000)
  region size 2048K, 20 young (40960K), 2 survivors (4096K)
 Metaspace       used 27816K, committed 28096K, reserved 1114112K
  class space    used 2610K, committed 2752K, reserved 1048576K
}
Event: 10.585 GC heap after
{Heap after GC invocations=8 (full 0):
 garbage-first heap   total 77824K, used 28922K [0x0000000709400000, 0x0000000800000000)
  region size 2048K, 2 young (4096K), 2 survivors (4096K)
 Metaspace       used 27816K, committed 28096K, reserved 1114112K
  class space    used 2610K, committed 2752K, reserved 1048576K
}
Event: 11.315 GC heap before
{Heap before GC invocations=8 (full 0):
 garbage-first heap   total 77824K, used 65786K [0x0000000709400000, 0x0000000800000000)
  region size 2048K, 20 young (40960K), 2 survivors (4096K)
 Metaspace       used 29550K, committed 29760K, reserved 1114112K
  class space    used 2841K, committed 2944K, reserved 1048576K
}

