# JRE version: Java(TM) SE Runtime Environment (21.0.1+12) (build 21.0.1+12-LTS-29)
# Java VM: Java HotSpot(TM) 64-Bit Server VM (21.0.1+12-LTS-29, mixed mode, sharing, tiered, compressed oops, compressed class ptrs, g1 gc, windows-amd64)
GC Precious Log:
 CardTable entry size: 512
 Card Set container configuration: InlinePtr #cards 4 size 8 Array Of Cards #cards 16 size 48 Howl #buckets 8 coarsen threshold 3686 Howl Bitmap #cards 512 size 80 coarsen threshold 460 Card regions per heap region 1 cards per card region 4096
 CPUs: 16 total, 16 available
 Memory: 15791M
 Large Page Support: Disabled
 NUMA Support: Disabled
 Compressed Oops: Enabled (Zero based)
 Heap Region Size: 2M
 Heap Min Capacity: 8M
 Heap Initial Capacity: 248M
 Heap Max Capacity: 3948M
 Pre-touch: Disabled
 Parallel Workers: 13
 Concurrent Workers: 3
 Concurrent Refinement Workers: 13
 Periodic GC: Disabled
Heap:
 garbage-first heap   total 253952K, used 123148K [0x0000000709400000, 0x0000000800000000)
  region size 2048K, 57 young (116736K), 1 survivors (2048K)
 Metaspace       used 18581K, committed 18816K, reserved 1114112K
  class space    used 1582K, committed 1664K, reserved 1048576K
GC Heap History (6 events):
Event: 7.041 GC heap before
{Heap before GC invocations=0 (full 0):
 garbage-first heap   total 253952K, used 22528K [0x0000000709400000, 0x0000000800000000)
  region size 2048K, 11 young (22528K), 0 survivors (0K)
 Metaspace       used 11173K, committed 11392K, reserved 1114112K
  class space    used 1255K, committed 1408K, reserved 1048576K
}
Event: 7.046 GC heap after
{Heap after GC invocations=1 (full 0):
 garbage-first heap   total 253952K, used 8920K [0x0000000709400000, 0x0000000800000000)
  region size 2048K, 2 young (4096K), 2 survivors (4096K)
 Metaspace       used 11173K, committed 11392K, reserved 1114112K
  class space    used 1255K, committed 1408K, reserved 1048576K
}
Event: 10.312 GC heap before
{Heap before GC invocations=1 (full 0):
 garbage-first heap   total 253952K, used 27352K [0x0000000709400000, 0x0000000800000000)
  region size 2048K, 11 young (22528K), 2 survivors (4096K)
 Metaspace       used 14425K, committed 14656K, reserved 1114112K
  class space    used 1552K, committed 1664K, reserved 1048576K
}
Event: 10.316 GC heap after
{Heap after GC invocations=2 (full 0):
 garbage-first heap   total 253952K, used 10439K [0x0000000709400000, 0x0000000800000000)
  region size 2048K, 1 young (2048K), 1 survivors (2048K)
 Metaspace       used 14425K, committed 14656K, reserved 1114112K
  class space    used 1552K, committed 1664K, reserved 1048576K
}
Event: 11.275 GC heap before
{Heap before GC invocations=2 (full 0):
 garbage-first heap   total 253952K, used 94407K [0x0000000709400000, 0x0000000800000000)
  region size 2048K, 40 young (81920K), 1 survivors (2048K)
 Metaspace       used 18579K, committed 18816K, reserved 1114112K
  class space    used 1582K, committed 1664K, reserved 1048576K
}
Event: 11.278 GC heap after
{Heap after GC invocations=3 (full 0):
 garbage-first heap   total 253952K, used 10508K [0x0000000709400000, 0x0000000800000000)
  region size 2048K, 1 young (2048K), 1 survivors (2048K)
 Metaspace       used 18579K, committed 18816K, reserved 1114112K
  class space    used 1582K, committed 1664K, reserved 1048576K
}

