# JRE version: Java(TM) SE Runtime Environment (21.0.1+12) (build 21.0.1+12-LTS-29)
# Java VM: Java HotSpot(TM) 64-Bit Server VM (21.0.1+12-LTS-29, mixed mode, sharing, tiered, compressed oops, compressed class ptrs, g1 gc, windows-amd64)
GC Precious Log:
 CardTable entry size: 512
 Card Set container configuration: InlinePtr #cards 4 size 8 Array Of Cards #cards 16 size 48 Howl #buckets 8 coarsen threshold 3686 Howl Bitmap #cards 512 size 80 coarsen threshold 460 Card regions per heap region 1 cards per card region 4096
 CPUs: 16 total, 16 available
 Memory: 15791M
 Large Page Support: Disabled
 NUMA Support: Disabled
 Compressed Oops: Enabled (Zero based)
 Heap Region Size: 2M
 Heap Min Capacity: 8M
 Heap Initial Capacity: 248M
 Heap Max Capacity: 3948M
 Pre-touch: Disabled
 Parallel Workers: 13
 Concurrent Workers: 3
 Concurrent Refinement Workers: 13
 Periodic GC: Disabled
Heap:
 garbage-first heap   total 73728K, used 40098K [0x0000000709400000, 0x0000000800000000)
  region size 2048K, 2 young (4096K), 2 survivors (4096K)
 Metaspace       used 30449K, committed 30720K, reserved 1114112K
  class space    used 2896K, committed 3008K, reserved 1048576K
GC Heap History (20 events):
Event: 20.920 GC heap after
{Heap after GC invocations=3 (full 0):
 garbage-first heap   total 253952K, used 17311K [0x0000000709400000, 0x0000000800000000)
  region size 2048K, 1 young (2048K), 1 survivors (2048K)
 Metaspace       used 21328K, committed 21504K, reserved 1114112K
  class space    used 2335K, committed 2432K, reserved 1048576K
}
Event: 22.882 GC heap before
{Heap before GC invocations=4 (full 0):
 garbage-first heap   total 69632K, used 66463K [0x0000000709400000, 0x0000000800000000)
  region size 2048K, 20 young (40960K), 1 survivors (2048K)
 Metaspace       used 23604K, committed 23872K, reserved 1114112K
  class space    used 2567K, committed 2688K, reserved 1048576K
}
Event: 22.884 GC heap after
{Heap after GC invocations=5 (full 0):
 garbage-first heap   total 73728K, used 29953K [0x0000000709400000, 0x0000000800000000)
  region size 2048K, 2 young (4096K), 2 survivors (4096K)
 Metaspace       used 23604K, committed 23872K, reserved 1114112K
  class space    used 2567K, committed 2688K, reserved 1048576K
}
Event: 23.789 GC heap before
{Heap before GC invocations=5 (full 0):
 garbage-first heap   total 73728K, used 58625K [0x0000000709400000, 0x0000000800000000)
  region size 2048K, 14 young (28672K), 2 survivors (4096K)
 Metaspace       used 27787K, committed 28032K, reserved 1114112K
  class space    used 2595K, committed 2752K, reserved 1048576K
}
Event: 23.791 GC heap after
{Heap after GC invocations=6 (full 0):
 garbage-first heap   total 73728K, used 30076K [0x0000000709400000, 0x0000000800000000)
  region size 2048K, 2 young (4096K), 2 survivors (4096K)
 Metaspace       used 27787K, committed 28032K, reserved 1114112K
  class space    used 2595K, committed 2752K, reserved 1048576K
}
Event: 23.935 GC heap before
{Heap before GC invocations=6 (full 0):
 garbage-first heap   total 73728K, used 56700K [0x0000000709400000, 0x0000000800000000)
  region size 2048K, 15 young (30720K), 2 survivors (4096K)
 Metaspace       used 27787K, committed 28032K, reserved 1114112K
  class space    used 2595K, committed 2752K, reserved 1048576K
}
Event: 23.937 GC heap after
{Heap after GC invocations=7 (full 0):
 garbage-first heap   total 73728K, used 30092K [0x0000000709400000, 0x0000000800000000)
  region size 2048K, 1 young (2048K), 1 survivors (2048K)
 Metaspace       used 27787K, committed 28032K, reserved 1114112K
  class space    used 2595K, committed 2752K, reserved 1048576K
}
Event: 24.035 GC heap before
{Heap before GC invocations=7 (full 0):
 garbage-first heap   total 73728K, used 60812K [0x0000000709400000, 0x0000000800000000)
  region size 2048K, 16 young (32768K), 1 survivors (2048K)
 Metaspace       used 27787K, committed 28032K, reserved 1114112K
  class space    used 2595K, committed 2752K, reserved 1048576K
}
Event: 24.036 GC heap after
{Heap after GC invocations=8 (full 0):
 garbage-first heap   total 73728K, used 30044K [0x0000000709400000, 0x0000000800000000)
  region size 2048K, 1 young (2048K), 1 survivors (2048K)
 Metaspace       used 27787K, committed 28032K, reserved 1114112K
  class space    used 2595K, committed 2752K, reserved 1048576K
}
Event: 24.212 GC heap before
{Heap before GC invocations=8 (full 0):
 garbage-first heap   total 73728K, used 62812K [0x0000000709400000, 0x0000000800000000)
  region size 2048K, 17 young (34816K), 1 survivors (2048K)
 Metaspace       used 27795K, committed 28032K, reserved 1114112K
  class space    used 2595K, committed 2752K, reserved 1048576K
}
Event: 24.213 GC heap after
{Heap after GC invocations=9 (full 0):
 garbage-first heap   total 73728K, used 30036K [0x0000000709400000, 0x0000000800000000)
  region size 2048K, 1 young (2048K), 1 survivors (2048K)
 Metaspace       used 27795K, committed 28032K, reserved 1114112K
  class space    used 2595K, committed 2752K, reserved 1048576K
}
Event: 28.008 GC heap before
{Heap before GC invocations=9 (full 0):
 garbage-first heap   total 73728K, used 62804K [0x0000000709400000, 0x0000000800000000)
  region size 2048K, 17 young (34816K), 1 survivors (2048K)
 Metaspace       used 30239K, committed 30528K, reserved 1114112K
  class space    used 2895K, committed 3008K, reserved 1048576K
}
Event: 28.010 GC heap after
{Heap after GC invocations=10 (full 0):
 garbage-first heap   total 73728K, used 35260K [0x0000000709400000, 0x0000000800000000)
  region size 2048K, 3 young (6144K), 3 survivors (6144K)
 Metaspace       used 30239K, committed 30528K, reserved 1114112K
  class space    used 2895K, committed 3008K, reserved 1048576K
}
Event: 30.318 GC heap before
{Heap before GC invocations=10 (full 0):
 garbage-first heap   total 73728K, used 59836K [0x0000000709400000, 0x0000000800000000)
  region size 2048K, 15 young (30720K), 3 survivors (6144K)
 Metaspace       used 30302K, committed 30592K, reserved 1114112K
  class space    used 2895K, committed 3008K, reserved 1048576K
}
Event: 30.320 GC heap after
{Heap after GC invocations=11 (full 0):
 garbage-first heap   total 73728K, used 36031K [0x0000000709400000, 0x0000000800000000)
  region size 2048K, 2 young (4096K), 2 survivors (4096K)
 Metaspace       used 30302K, committed 30592K, reserved 1114112K
  class space    used 2895K, committed 3008K, reserved 1048576K
}
Event: 32.713 GC heap before
{Heap before GC invocations=11 (full 0):
 garbage-first heap   total 73728K, used 62655K [0x0000000709400000, 0x0000000800000000)
  region size 2048K, 15 young (30720K), 2 survivors (4096K)
 Metaspace       used 30358K, committed 30656K, reserved 1114112K
  class space    used 2895K, committed 3008K, reserved 1048576K
}
Event: 32.714 GC heap after
{Heap after GC invocations=12 (full 0):
 garbage-first heap   total 73728K, used 37978K [0x0000000709400000, 0x0000000800000000)
  region size 2048K, 2 young (4096K), 2 survivors (4096K)
 Metaspace       used 30358K, committed 30656K, reserved 1114112K
  class space    used 2895K, committed 3008K, reserved 1048576K
}
Event: 34.893 GC heap before
{Heap before GC invocations=12 (full 0):
 garbage-first heap   total 73728K, used 62554K [0x0000000709400000, 0x0000000800000000)
  region size 2048K, 14 young (28672K), 2 survivors (4096K)
 Metaspace       used 30400K, committed 30656K, reserved 1114112K
  class space    used 2895K, committed 3008K, reserved 1048576K
}
Event: 34.896 GC heap after
{Heap after GC invocations=13 (full 0):
 garbage-first heap   total 73728K, used 39048K [0x0000000709400000, 0x0000000800000000)
  region size 2048K, 2 young (4096K), 2 survivors (4096K)
 Metaspace       used 30400K, committed 30656K, reserved 1114112K
  class space    used 2895K, committed 3008K, reserved 1048576K
}
Event: 37.006 GC heap before
{Heap before GC invocations=14 (full 0):
 garbage-first heap   total 73728K, used 61576K [0x0000000709400000, 0x0000000800000000)
  region size 2048K, 13 young (26624K), 2 survivors (4096K)
 Metaspace       used 30449K, committed 30720K, reserved 1114112K
  class space    used 2896K, committed 3008K, reserved 1048576K
}

