# JRE version: Java(TM) SE Runtime Environment (21.0.1+12) (build 21.0.1+12-LTS-29)
# Java VM: Java HotSpot(TM) 64-Bit Server VM (21.0.1+12-LTS-29, mixed mode, sharing, tiered, compressed oops, compressed class ptrs, g1 gc, windows-amd64)
GC Precious Log:
 CardTable entry size: 512
 Card Set container configuration: InlinePtr #cards 4 size 8 Array Of Cards #cards 16 size 48 Howl #buckets 8 coarsen threshold 3686 Howl Bitmap #cards 512 size 80 coarsen threshold 460 Card regions per heap region 1 cards per card region 4096
 CPUs: 16 total, 16 available
 Memory: 15791M
 Large Page Support: Disabled
 NUMA Support: Disabled
 Compressed Oops: Enabled (Zero based)
 Heap Region Size: 2M
 Heap Min Capacity: 8M
 Heap Initial Capacity: 248M
 Heap Max Capacity: 3948M
 Pre-touch: Disabled
 Parallel Workers: 13
 Concurrent Workers: 3
 Concurrent Refinement Workers: 13
 Periodic GC: Disabled
Heap:
 garbage-first heap   total 83968K, used 73556K [0x0000000709400000, 0x0000000800000000)
  region size 2048K, 9 young (18432K), 2 survivors (4096K)
 Metaspace       used 30812K, committed 31168K, reserved 1114112K
  class space    used 2932K, committed 3136K, reserved 1048576K
GC Heap History (20 events):
Event: 0.914 GC heap before
{Heap before GC invocations=0 (full 0):
 garbage-first heap   total 253952K, used 20480K [0x0000000709400000, 0x0000000800000000)
  region size 2048K, 11 young (22528K), 0 survivors (0K)
 Metaspace       used 5883K, committed 6080K, reserved 1114112K
  class space    used 609K, committed 704K, reserved 1048576K
}
Event: 0.921 GC heap after
{Heap after GC invocations=1 (full 0):
 garbage-first heap   total 253952K, used 8978K [0x0000000709400000, 0x0000000800000000)
  region size 2048K, 2 young (4096K), 2 survivors (4096K)
 Metaspace       used 5883K, committed 6080K, reserved 1114112K
  class space    used 609K, committed 704K, reserved 1048576K
}
Event: 3.866 GC heap before
{Heap before GC invocations=1 (full 0):
 garbage-first heap   total 253952K, used 29458K [0x0000000709400000, 0x0000000800000000)
  region size 2048K, 11 young (22528K), 2 survivors (4096K)
 Metaspace       used 13829K, committed 14080K, reserved 1114112K
  class space    used 1472K, committed 1600K, reserved 1048576K
}
Event: 3.870 GC heap after
{Heap after GC invocations=2 (full 0):
 garbage-first heap   total 253952K, used 16477K [0x0000000709400000, 0x0000000800000000)
  region size 2048K, 2 young (4096K), 2 survivors (4096K)
 Metaspace       used 13829K, committed 14080K, reserved 1114112K
  class space    used 1472K, committed 1600K, reserved 1048576K
}
Event: 5.231 GC heap before
{Heap before GC invocations=2 (full 0):
 garbage-first heap   total 253952K, used 26717K [0x0000000709400000, 0x0000000800000000)
  region size 2048K, 8 young (16384K), 2 survivors (4096K)
 Metaspace       used 21234K, committed 21504K, reserved 1114112K
  class space    used 2313K, committed 2432K, reserved 1048576K
}
Event: 5.234 GC heap after
{Heap after GC invocations=3 (full 0):
 garbage-first heap   total 253952K, used 18416K [0x0000000709400000, 0x0000000800000000)
  region size 2048K, 3 young (6144K), 3 survivors (6144K)
 Metaspace       used 21234K, committed 21504K, reserved 1114112K
  class space    used 2313K, committed 2432K, reserved 1048576K
}
Event: 8.135 GC heap before
{Heap before GC invocations=4 (full 0):
 garbage-first heap   total 75776K, used 73712K [0x0000000709400000, 0x0000000800000000)
  region size 2048K, 22 young (45056K), 3 survivors (6144K)
 Metaspace       used 24038K, committed 24320K, reserved 1114112K
  class space    used 2601K, committed 2752K, reserved 1048576K
}
Event: 8.138 GC heap after
{Heap after GC invocations=5 (full 0):
 garbage-first heap   total 83968K, used 31803K [0x0000000709400000, 0x0000000800000000)
  region size 2048K, 4 young (8192K), 4 survivors (8192K)
 Metaspace       used 24038K, committed 24320K, reserved 1114112K
  class space    used 2601K, committed 2752K, reserved 1048576K
}
Event: 8.949 GC heap before
{Heap before GC invocations=5 (full 0):
 garbage-first heap   total 83968K, used 68667K [0x0000000709400000, 0x0000000800000000)
  region size 2048K, 20 young (40960K), 4 survivors (8192K)
 Metaspace       used 28219K, committed 28544K, reserved 1114112K
  class space    used 2629K, committed 2752K, reserved 1048576K
}
Event: 8.952 GC heap after
{Heap after GC invocations=6 (full 0):
 garbage-first heap   total 83968K, used 31427K [0x0000000709400000, 0x0000000800000000)
  region size 2048K, 2 young (4096K), 2 survivors (4096K)
 Metaspace       used 28219K, committed 28544K, reserved 1114112K
  class space    used 2629K, committed 2752K, reserved 1048576K
}
Event: 9.228 GC heap before
{Heap before GC invocations=6 (full 0):
 garbage-first heap   total 83968K, used 68291K [0x0000000709400000, 0x0000000800000000)
  region size 2048K, 20 young (40960K), 2 survivors (4096K)
 Metaspace       used 28219K, committed 28544K, reserved 1114112K
  class space    used 2629K, committed 2752K, reserved 1048576K
}
Event: 9.229 GC heap after
{Heap after GC invocations=7 (full 0):
 garbage-first heap   total 83968K, used 31429K [0x0000000709400000, 0x0000000800000000)
  region size 2048K, 2 young (4096K), 2 survivors (4096K)
 Metaspace       used 28219K, committed 28544K, reserved 1114112K
  class space    used 2629K, committed 2752K, reserved 1048576K
}
Event: 9.403 GC heap before
{Heap before GC invocations=7 (full 0):
 garbage-first heap   total 83968K, used 72389K [0x0000000709400000, 0x0000000800000000)
  region size 2048K, 22 young (45056K), 2 survivors (4096K)
 Metaspace       used 28222K, committed 28544K, reserved 1114112K
  class space    used 2629K, committed 2752K, reserved 1048576K
}
Event: 9.405 GC heap after
{Heap after GC invocations=8 (full 0):
 garbage-first heap   total 83968K, used 31439K [0x0000000709400000, 0x0000000800000000)
  region size 2048K, 2 young (4096K), 2 survivors (4096K)
 Metaspace       used 28222K, committed 28544K, reserved 1114112K
  class space    used 2629K, committed 2752K, reserved 1048576K
}
Event: 13.586 GC heap before
{Heap before GC invocations=8 (full 0):
 garbage-first heap   total 83968K, used 72399K [0x0000000709400000, 0x0000000800000000)
  region size 2048K, 22 young (45056K), 2 survivors (4096K)
 Metaspace       used 30689K, committed 31040K, reserved 1114112K
  class space    used 2929K, committed 3136K, reserved 1048576K
}
Event: 13.589 GC heap after
{Heap after GC invocations=9 (full 0):
 garbage-first heap   total 83968K, used 35684K [0x0000000709400000, 0x0000000800000000)
  region size 2048K, 3 young (6144K), 3 survivors (6144K)
 Metaspace       used 30689K, committed 31040K, reserved 1114112K
  class space    used 2929K, committed 3136K, reserved 1048576K
}
Event: 15.487 GC heap before
{Heap before GC invocations=9 (full 0):
 garbage-first heap   total 83968K, used 60260K [0x0000000709400000, 0x0000000800000000)
  region size 2048K, 14 young (28672K), 3 survivors (6144K)
 Metaspace       used 30764K, committed 31104K, reserved 1114112K
  class space    used 2932K, committed 3136K, reserved 1048576K
}
Event: 15.489 GC heap after
{Heap after GC invocations=10 (full 0):
 garbage-first heap   total 83968K, used 38918K [0x0000000709400000, 0x0000000800000000)
  region size 2048K, 3 young (6144K), 3 survivors (6144K)
 Metaspace       used 30764K, committed 31104K, reserved 1114112K
  class space    used 2932K, committed 3136K, reserved 1048576K
}
Event: 15.622 GC heap before
{Heap before GC invocations=10 (full 0):
 garbage-first heap   total 83968K, used 45062K [0x0000000709400000, 0x0000000800000000)
  region size 2048K, 4 young (8192K), 3 survivors (6144K)
 Metaspace       used 30776K, committed 31168K, reserved 1114112K
  class space    used 2932K, committed 3136K, reserved 1048576K
}
Event: 15.625 GC heap after
{Heap after GC invocations=11 (full 0):
 garbage-first heap   total 83968K, used 44884K [0x0000000709400000, 0x0000000800000000)
  region size 2048K, 2 young (4096K), 2 survivors (4096K)
 Metaspace       used 30776K, committed 31168K, reserved 1114112K
  class space    used 2932K, committed 3136K, reserved 1048576K
}

