# JRE version: Java(TM) SE Runtime Environment (21.0.1+12) (build 21.0.1+12-LTS-29)
# Java VM: Java HotSpot(TM) 64-Bit Server VM (21.0.1+12-LTS-29, mixed mode, sharing, tiered, compressed oops, compressed class ptrs, g1 gc, windows-amd64)
GC Precious Log:
 CardTable entry size: 512
 Card Set container configuration: InlinePtr #cards 4 size 8 Array Of Cards #cards 16 size 48 Howl #buckets 8 coarsen threshold 3686 Howl Bitmap #cards 512 size 80 coarsen threshold 460 Card regions per heap region 1 cards per card region 4096
 CPUs: 16 total, 16 available
 Memory: 15791M
 Large Page Support: Disabled
 NUMA Support: Disabled
 Compressed Oops: Enabled (Zero based)
 Heap Region Size: 2M
 Heap Min Capacity: 8M
 Heap Initial Capacity: 248M
 Heap Max Capacity: 3948M
 Pre-touch: Disabled
 Parallel Workers: 13
 Concurrent Workers: 3
 Concurrent Refinement Workers: 13
 Periodic GC: Disabled
Heap:
 garbage-first heap   total 253952K, used 72307K [0x0000000709400000, 0x0000000800000000)
  region size 2048K, 30 young (61440K), 1 survivors (2048K)
 Metaspace       used 20313K, committed 20544K, reserved 1114112K
  class space    used 1815K, committed 1920K, reserved 1048576K
GC Heap History (6 events):
Event: 1.230 GC heap before
{Heap before GC invocations=0 (full 0):
 garbage-first heap   total 253952K, used 24576K [0x0000000709400000, 0x0000000800000000)
  region size 2048K, 11 young (22528K), 0 survivors (0K)
 Metaspace       used 9414K, committed 9664K, reserved 1114112K
  class space    used 1070K, committed 1216K, reserved 1048576K
}
Event: 1.238 GC heap after
{Heap after GC invocations=1 (full 0):
 garbage-first heap   total 253952K, used 9718K [0x0000000709400000, 0x0000000800000000)
  region size 2048K, 2 young (4096K), 2 survivors (4096K)
 Metaspace       used 9414K, committed 9664K, reserved 1114112K
  class space    used 1070K, committed 1216K, reserved 1048576K
}
Event: 16.056 GC heap before
{Heap before GC invocations=1 (full 0):
 garbage-first heap   total 253952K, used 34294K [0x0000000709400000, 0x0000000800000000)
  region size 2048K, 13 young (26624K), 2 survivors (4096K)
 Metaspace       used 15070K, committed 15232K, reserved 1114112K
  class space    used 1648K, committed 1728K, reserved 1048576K
}
Event: 16.060 GC heap after
{Heap after GC invocations=2 (full 0):
 garbage-first heap   total 253952K, used 14877K [0x0000000709400000, 0x0000000800000000)
  region size 2048K, 1 young (2048K), 1 survivors (2048K)
 Metaspace       used 15070K, committed 15232K, reserved 1114112K
  class space    used 1648K, committed 1728K, reserved 1048576K
}
Event: 16.762 GC heap before
{Heap before GC invocations=2 (full 0):
 garbage-first heap   total 253952K, used 96797K [0x0000000709400000, 0x0000000800000000)
  region size 2048K, 39 young (79872K), 1 survivors (2048K)
 Metaspace       used 19336K, committed 19584K, reserved 1114112K
  class space    used 1678K, committed 1792K, reserved 1048576K
}
Event: 16.763 GC heap after
{Heap after GC invocations=3 (full 0):
 garbage-first heap   total 253952K, used 14963K [0x0000000709400000, 0x0000000800000000)
  region size 2048K, 1 young (2048K), 1 survivors (2048K)
 Metaspace       used 19336K, committed 19584K, reserved 1114112K
  class space    used 1678K, committed 1792K, reserved 1048576K
}

