# JRE version: Java(TM) SE Runtime Environment (21.0.1+12) (build 21.0.1+12-LTS-29)
# Java VM: Java HotSpot(TM) 64-Bit Server VM (21.0.1+12-LTS-29, mixed mode, sharing, tiered, compressed oops, compressed class ptrs, g1 gc, windows-amd64)
GC Precious Log:
 CardTable entry size: 512
 Card Set container configuration: InlinePtr #cards 4 size 8 Array Of Cards #cards 16 size 48 Howl #buckets 8 coarsen threshold 3686 Howl Bitmap #cards 512 size 80 coarsen threshold 460 Card regions per heap region 1 cards per card region 4096
 CPUs: 16 total, 16 available
 Memory: 15791M
 Large Page Support: Disabled
 NUMA Support: Disabled
 Compressed Oops: Enabled (Zero based)
 Heap Region Size: 2M
 Heap Min Capacity: 8M
 Heap Initial Capacity: 248M
 Heap Max Capacity: 3948M
 Pre-touch: Disabled
 Parallel Workers: 13
 Concurrent Workers: 3
 Concurrent Refinement Workers: 13
 Periodic GC: Disabled
Heap:
 garbage-first heap   total 102400K, used 97277K [0x0000000709400000, 0x0000000800000000)
  region size 2048K, 4 young (8192K), 2 survivors (4096K)
 Metaspace       used 30435K, committed 30720K, reserved 1114112K
  class space    used 2907K, committed 3072K, reserved 1048576K
GC Heap History (20 events):
Event: 0.732 GC heap after
{Heap after GC invocations=1 (full 0):
 garbage-first heap   total 253952K, used 9354K [0x0000000709400000, 0x0000000800000000)
  region size 2048K, 2 young (4096K), 2 survivors (4096K)
 Metaspace       used 5849K, committed 6016K, reserved 1114112K
  class space    used 607K, committed 704K, reserved 1048576K
}
Event: 13.515 GC heap before
{Heap before GC invocations=1 (full 0):
 garbage-first heap   total 253952K, used 29834K [0x0000000709400000, 0x0000000800000000)
  region size 2048K, 12 young (24576K), 2 survivors (4096K)
 Metaspace       used 14558K, committed 14784K, reserved 1114112K
  class space    used 1530K, committed 1664K, reserved 1048576K
}
Event: 13.519 GC heap after
{Heap after GC invocations=2 (full 0):
 garbage-first heap   total 253952K, used 16172K [0x0000000709400000, 0x0000000800000000)
  region size 2048K, 2 young (4096K), 2 survivors (4096K)
 Metaspace       used 14558K, committed 14784K, reserved 1114112K
  class space    used 1530K, committed 1664K, reserved 1048576K
}
Event: 24.455 GC heap before
{Heap before GC invocations=2 (full 0):
 garbage-first heap   total 253952K, used 22316K [0x0000000709400000, 0x0000000800000000)
  region size 2048K, 7 young (14336K), 2 survivors (4096K)
 Metaspace       used 21274K, committed 21504K, reserved 1114112K
  class space    used 2331K, committed 2432K, reserved 1048576K
}
Event: 24.460 GC heap after
{Heap after GC invocations=3 (full 0):
 garbage-first heap   total 253952K, used 17241K [0x0000000709400000, 0x0000000800000000)
  region size 2048K, 1 young (2048K), 1 survivors (2048K)
 Metaspace       used 21274K, committed 21504K, reserved 1114112K
  class space    used 2331K, committed 2432K, reserved 1048576K
}
Event: 25.766 GC heap before
{Heap before GC invocations=4 (full 0):
 garbage-first heap   total 69632K, used 68441K [0x0000000709400000, 0x0000000800000000)
  region size 2048K, 20 young (40960K), 1 survivors (2048K)
 Metaspace       used 23424K, committed 23744K, reserved 1114112K
  class space    used 2541K, committed 2688K, reserved 1048576K
}
Event: 25.768 GC heap after
{Heap after GC invocations=5 (full 0):
 garbage-first heap   total 71680K, used 29838K [0x0000000709400000, 0x0000000800000000)
  region size 2048K, 1 young (2048K), 1 survivors (2048K)
 Metaspace       used 23424K, committed 23744K, reserved 1114112K
  class space    used 2541K, committed 2688K, reserved 1048576K
}
Event: 25.946 GC heap before
{Heap before GC invocations=5 (full 0):
 garbage-first heap   total 71680K, used 58510K [0x0000000709400000, 0x0000000800000000)
  region size 2048K, 13 young (26624K), 1 survivors (2048K)
 Metaspace       used 27611K, committed 27904K, reserved 1114112K
  class space    used 2569K, committed 2688K, reserved 1048576K
}
Event: 25.949 GC heap after
{Heap after GC invocations=6 (full 0):
 garbage-first heap   total 71680K, used 29897K [0x0000000709400000, 0x0000000800000000)
  region size 2048K, 1 young (2048K), 1 survivors (2048K)
 Metaspace       used 27611K, committed 27904K, reserved 1114112K
  class space    used 2569K, committed 2688K, reserved 1048576K
}
Event: 26.041 GC heap before
{Heap before GC invocations=6 (full 0):
 garbage-first heap   total 71680K, used 56521K [0x0000000709400000, 0x0000000800000000)
  region size 2048K, 14 young (28672K), 1 survivors (2048K)
 Metaspace       used 27614K, committed 27904K, reserved 1114112K
  class space    used 2569K, committed 2688K, reserved 1048576K
}
Event: 26.042 GC heap after
{Heap after GC invocations=7 (full 0):
 garbage-first heap   total 71680K, used 29960K [0x0000000709400000, 0x0000000800000000)
  region size 2048K, 1 young (2048K), 1 survivors (2048K)
 Metaspace       used 27614K, committed 27904K, reserved 1114112K
  class space    used 2569K, committed 2688K, reserved 1048576K
}
Event: 26.129 GC heap before
{Heap before GC invocations=7 (full 0):
 garbage-first heap   total 71680K, used 60680K [0x0000000709400000, 0x0000000800000000)
  region size 2048K, 16 young (32768K), 1 survivors (2048K)
 Metaspace       used 27619K, committed 27904K, reserved 1114112K
  class space    used 2569K, committed 2688K, reserved 1048576K
}
Event: 26.130 GC heap after
{Heap after GC invocations=8 (full 0):
 garbage-first heap   total 71680K, used 30027K [0x0000000709400000, 0x0000000800000000)
  region size 2048K, 1 young (2048K), 1 survivors (2048K)
 Metaspace       used 27619K, committed 27904K, reserved 1114112K
  class space    used 2569K, committed 2688K, reserved 1048576K
}
Event: 26.217 GC heap before
{Heap before GC invocations=8 (full 0):
 garbage-first heap   total 71680K, used 62795K [0x0000000709400000, 0x0000000800000000)
  region size 2048K, 17 young (34816K), 1 survivors (2048K)
 Metaspace       used 27624K, committed 27904K, reserved 1114112K
  class space    used 2569K, committed 2688K, reserved 1048576K
}
Event: 26.219 GC heap after
{Heap after GC invocations=9 (full 0):
 garbage-first heap   total 88064K, used 30006K [0x0000000709400000, 0x0000000800000000)
  region size 2048K, 1 young (2048K), 1 survivors (2048K)
 Metaspace       used 27624K, committed 27904K, reserved 1114112K
  class space    used 2569K, committed 2688K, reserved 1048576K
}
Event: 32.451 GC heap before
{Heap before GC invocations=9 (full 0):
 garbage-first heap   total 88064K, used 77110K [0x0000000709400000, 0x0000000800000000)
  region size 2048K, 25 young (51200K), 1 survivors (2048K)
 Metaspace       used 30316K, committed 30592K, reserved 1114112K
  class space    used 2906K, committed 3008K, reserved 1048576K
}
Event: 32.454 GC heap after
{Heap after GC invocations=10 (full 0):
 garbage-first heap   total 88064K, used 36458K [0x0000000709400000, 0x0000000800000000)
  region size 2048K, 4 young (8192K), 4 survivors (8192K)
 Metaspace       used 30316K, committed 30592K, reserved 1114112K
  class space    used 2906K, committed 3008K, reserved 1048576K
}
Event: 33.793 GC heap before
{Heap before GC invocations=10 (full 0):
 garbage-first heap   total 88064K, used 69226K [0x0000000709400000, 0x0000000800000000)
  region size 2048K, 17 young (34816K), 4 survivors (8192K)
 Metaspace       used 30377K, committed 30656K, reserved 1114112K
  class space    used 2907K, committed 3072K, reserved 1048576K
}
Event: 33.795 GC heap after
{Heap after GC invocations=11 (full 0):
 garbage-first heap   total 88064K, used 48125K [0x0000000709400000, 0x0000000800000000)
  region size 2048K, 3 young (6144K), 3 survivors (6144K)
 Metaspace       used 30377K, committed 30656K, reserved 1114112K
  class space    used 2907K, committed 3072K, reserved 1048576K
}
Event: 33.980 GC heap before
{Heap before GC invocations=12 (full 0):
 garbage-first heap   total 98304K, used 97277K [0x0000000709400000, 0x0000000800000000)
  region size 2048K, 5 young (10240K), 3 survivors (6144K)
 Metaspace       used 30435K, committed 30720K, reserved 1114112K
  class space    used 2907K, committed 3072K, reserved 1048576K
}

