# JRE version: Java(TM) SE Runtime Environment (21.0.1+12) (build 21.0.1+12-LTS-29)
# Java VM: Java HotSpot(TM) 64-Bit Server VM (21.0.1+12-LTS-29, mixed mode, sharing, tiered, compressed oops, compressed class ptrs, g1 gc, windows-amd64)
GC Precious Log:
 CardTable entry size: 512
 Card Set container configuration: InlinePtr #cards 4 size 8 Array Of Cards #cards 16 size 48 Howl #buckets 8 coarsen threshold 3686 Howl Bitmap #cards 512 size 80 coarsen threshold 460 Card regions per heap region 1 cards per card region 4096
 CPUs: 16 total, 16 available
 Memory: 15791M
 Large Page Support: Disabled
 NUMA Support: Disabled
 Compressed Oops: Enabled (Zero based)
 Heap Region Size: 2M
 Heap Min Capacity: 8M
 Heap Initial Capacity: 248M
 Heap Max Capacity: 3948M
 Pre-touch: Disabled
 Parallel Workers: 13
 Concurrent Workers: 3
 Concurrent Refinement Workers: 13
 Periodic GC: Disabled
Heap:
 garbage-first heap   total 90112K, used 43924K [0x0000000709400000, 0x0000000800000000)
  region size 2048K, 3 young (6144K), 3 survivors (6144K)
 Metaspace       used 30461K, committed 30848K, reserved 1114112K
  class space    used 2886K, committed 3072K, reserved 1048576K
GC Heap History (20 events):
Event: 37.928 GC heap after
{Heap after GC invocations=14 (full 0):
 garbage-first heap   total 90112K, used 39859K [0x0000000709400000, 0x0000000800000000)
  region size 2048K, 2 young (4096K), 2 survivors (4096K)
 Metaspace       used 30312K, committed 30720K, reserved 1114112K
  class space    used 2886K, committed 3072K, reserved 1048576K
}
Event: 41.496 GC heap before
{Heap before GC invocations=14 (full 0):
 garbage-first heap   total 90112K, used 78771K [0x0000000709400000, 0x0000000800000000)
  region size 2048K, 21 young (43008K), 2 survivors (4096K)
 Metaspace       used 30344K, committed 30720K, reserved 1114112K
  class space    used 2886K, committed 3072K, reserved 1048576K
}
Event: 41.497 GC heap after
{Heap after GC invocations=15 (full 0):
 garbage-first heap   total 90112K, used 39946K [0x0000000709400000, 0x0000000800000000)
  region size 2048K, 3 young (6144K), 3 survivors (6144K)
 Metaspace       used 30344K, committed 30720K, reserved 1114112K
  class space    used 2886K, committed 3072K, reserved 1048576K
}
Event: 43.519 GC heap before
{Heap before GC invocations=15 (full 0):
 garbage-first heap   total 90112K, used 72714K [0x0000000709400000, 0x0000000800000000)
  region size 2048K, 20 young (40960K), 3 survivors (6144K)
 Metaspace       used 30354K, committed 30720K, reserved 1114112K
  class space    used 2886K, committed 3072K, reserved 1048576K
}
Event: 43.521 GC heap after
{Heap after GC invocations=16 (full 0):
 garbage-first heap   total 90112K, used 39786K [0x0000000709400000, 0x0000000800000000)
  region size 2048K, 2 young (4096K), 2 survivors (4096K)
 Metaspace       used 30354K, committed 30720K, reserved 1114112K
  class space    used 2886K, committed 3072K, reserved 1048576K
}
Event: 46.301 GC heap before
{Heap before GC invocations=16 (full 0):
 garbage-first heap   total 90112K, used 76650K [0x0000000709400000, 0x0000000800000000)
  region size 2048K, 21 young (43008K), 2 survivors (4096K)
 Metaspace       used 30370K, committed 30720K, reserved 1114112K
  class space    used 2886K, committed 3072K, reserved 1048576K
}
Event: 46.303 GC heap after
{Heap after GC invocations=17 (full 0):
 garbage-first heap   total 90112K, used 39978K [0x0000000709400000, 0x0000000800000000)
  region size 2048K, 3 young (6144K), 3 survivors (6144K)
 Metaspace       used 30370K, committed 30720K, reserved 1114112K
  class space    used 2886K, committed 3072K, reserved 1048576K
}
Event: 49.443 GC heap before
{Heap before GC invocations=17 (full 0):
 garbage-first heap   total 90112K, used 74794K [0x0000000709400000, 0x0000000800000000)
  region size 2048K, 20 young (40960K), 3 survivors (6144K)
 Metaspace       used 30372K, committed 30720K, reserved 1114112K
  class space    used 2886K, committed 3072K, reserved 1048576K
}
Event: 49.444 GC heap after
{Heap after GC invocations=18 (full 0):
 garbage-first heap   total 90112K, used 39919K [0x0000000709400000, 0x0000000800000000)
  region size 2048K, 2 young (4096K), 2 survivors (4096K)
 Metaspace       used 30372K, committed 30720K, reserved 1114112K
  class space    used 2886K, committed 3072K, reserved 1048576K
}
Event: 50.119 GC heap before
{Heap before GC invocations=18 (full 0):
 garbage-first heap   total 90112K, used 76783K [0x0000000709400000, 0x0000000800000000)
  region size 2048K, 21 young (43008K), 2 survivors (4096K)
 Metaspace       used 30381K, committed 30784K, reserved 1114112K
  class space    used 2886K, committed 3072K, reserved 1048576K
}
Event: 50.121 GC heap after
{Heap after GC invocations=19 (full 0):
 garbage-first heap   total 90112K, used 39730K [0x0000000709400000, 0x0000000800000000)
  region size 2048K, 2 young (4096K), 2 survivors (4096K)
 Metaspace       used 30381K, committed 30784K, reserved 1114112K
  class space    used 2886K, committed 3072K, reserved 1048576K
}
Event: 50.232 GC heap before
{Heap before GC invocations=19 (full 0):
 garbage-first heap   total 90112K, used 76594K [0x0000000709400000, 0x0000000800000000)
  region size 2048K, 21 young (43008K), 2 survivors (4096K)
 Metaspace       used 30420K, committed 30784K, reserved 1114112K
  class space    used 2886K, committed 3072K, reserved 1048576K
}
Event: 50.234 GC heap after
{Heap after GC invocations=20 (full 0):
 garbage-first heap   total 90112K, used 40085K [0x0000000709400000, 0x0000000800000000)
  region size 2048K, 2 young (4096K), 2 survivors (4096K)
 Metaspace       used 30420K, committed 30784K, reserved 1114112K
  class space    used 2886K, committed 3072K, reserved 1048576K
}
Event: 50.360 GC heap before
{Heap before GC invocations=20 (full 0):
 garbage-first heap   total 90112K, used 76949K [0x0000000709400000, 0x0000000800000000)
  region size 2048K, 21 young (43008K), 2 survivors (4096K)
 Metaspace       used 30425K, committed 30784K, reserved 1114112K
  class space    used 2886K, committed 3072K, reserved 1048576K
}
Event: 50.362 GC heap after
{Heap after GC invocations=21 (full 0):
 garbage-first heap   total 90112K, used 40218K [0x0000000709400000, 0x0000000800000000)
  region size 2048K, 2 young (4096K), 2 survivors (4096K)
 Metaspace       used 30425K, committed 30784K, reserved 1114112K
  class space    used 2886K, committed 3072K, reserved 1048576K
}
Event: 50.449 GC heap before
{Heap before GC invocations=21 (full 0):
 garbage-first heap   total 90112K, used 77082K [0x0000000709400000, 0x0000000800000000)
  region size 2048K, 21 young (43008K), 2 survivors (4096K)
 Metaspace       used 30441K, committed 30848K, reserved 1114112K
  class space    used 2886K, committed 3072K, reserved 1048576K
}
Event: 50.450 GC heap after
{Heap after GC invocations=22 (full 0):
 garbage-first heap   total 90112K, used 40263K [0x0000000709400000, 0x0000000800000000)
  region size 2048K, 2 young (4096K), 2 survivors (4096K)
 Metaspace       used 30441K, committed 30848K, reserved 1114112K
  class space    used 2886K, committed 3072K, reserved 1048576K
}
Event: 50.542 GC heap before
{Heap before GC invocations=22 (full 0):
 garbage-first heap   total 90112K, used 77127K [0x0000000709400000, 0x0000000800000000)
  region size 2048K, 21 young (43008K), 2 survivors (4096K)
 Metaspace       used 30448K, committed 30848K, reserved 1114112K
  class space    used 2886K, committed 3072K, reserved 1048576K
}
Event: 50.543 GC heap after
{Heap after GC invocations=23 (full 0):
 garbage-first heap   total 90112K, used 40285K [0x0000000709400000, 0x0000000800000000)
  region size 2048K, 2 young (4096K), 2 survivors (4096K)
 Metaspace       used 30448K, committed 30848K, reserved 1114112K
  class space    used 2886K, committed 3072K, reserved 1048576K
}
Event: 50.752 GC heap before
{Heap before GC invocations=23 (full 0):
 garbage-first heap   total 90112K, used 77149K [0x0000000709400000, 0x0000000800000000)
  region size 2048K, 21 young (43008K), 2 survivors (4096K)
 Metaspace       used 30461K, committed 30848K, reserved 1114112K
  class space    used 2886K, committed 3072K, reserved 1048576K
}

